The system is: Linux - 3.10.0-514.26.2.el7.x86_64 - x86_64
Compiling the C compiler identification source file "CMakeCCompilerId.c" succeeded.
Compiler: /apps/intel/ComposerXE2016/compilers_and_libraries_2016.3.210/linux/bin/intel64/icc 
Build flags: 
Id flags: 

The output was:
0


Compilation of the C compiler identification source "CMakeCCompilerId.c" produced "a.out"

The C compiler identification is Intel, found in "/home/hpc/unrz/unrz002h/yask/yaskSite/build/CMakeFiles/3.6.0/CompilerIdC/a.out"

Compiling the CXX compiler identification source file "CMakeCXXCompilerId.cpp" succeeded.
Compiler: /apps/intel/ComposerXE2016/compilers_and_libraries_2016.3.210/linux/bin/intel64/icpc 
Build flags: 
Id flags: 

The output was:
0


Compilation of the CXX compiler identification source "CMakeCXXCompilerId.cpp" produced "a.out"

The CXX compiler identification is Intel, found in "/home/hpc/unrz/unrz002h/yask/yaskSite/build/CMakeFiles/3.6.0/CompilerIdCXX/a.out"

Determining if the C compiler works passed with the following output:
Change Dir: /home/hpc/unrz/unrz002h/yask/yaskSite/build/CMakeFiles/CMakeTmp

Run Build Command:"/usr/bin/gmake" "cmTC_0441b/fast"
/usr/bin/gmake -f CMakeFiles/cmTC_0441b.dir/build.make CMakeFiles/cmTC_0441b.dir/build
gmake[1]: Entering directory `/home/hpc/unrz/unrz002h/yask/yaskSite/build/CMakeFiles/CMakeTmp'
Building C object CMakeFiles/cmTC_0441b.dir/testCCompiler.c.o
/apps/intel/ComposerXE2016/compilers_and_libraries_2016.3.210/linux/bin/intel64/icc     -o CMakeFiles/cmTC_0441b.dir/testCCompiler.c.o   -c /home/hpc/unrz/unrz002h/yask/yaskSite/build/CMakeFiles/CMakeTmp/testCCompiler.c
Linking C executable cmTC_0441b
/apps/cmake/3.6.0/bin/cmake -E cmake_link_script CMakeFiles/cmTC_0441b.dir/link.txt --verbose=1
/apps/intel/ComposerXE2016/compilers_and_libraries_2016.3.210/linux/bin/intel64/icc       CMakeFiles/cmTC_0441b.dir/testCCompiler.c.o  -o cmTC_0441b -rdynamic 
gmake[1]: Leaving directory `/home/hpc/unrz/unrz002h/yask/yaskSite/build/CMakeFiles/CMakeTmp'


Detecting C compiler ABI info compiled with the following output:
Change Dir: /home/hpc/unrz/unrz002h/yask/yaskSite/build/CMakeFiles/CMakeTmp

Run Build Command:"/usr/bin/gmake" "cmTC_10e04/fast"
/usr/bin/gmake -f CMakeFiles/cmTC_10e04.dir/build.make CMakeFiles/cmTC_10e04.dir/build
gmake[1]: Entering directory `/home/hpc/unrz/unrz002h/yask/yaskSite/build/CMakeFiles/CMakeTmp'
Building C object CMakeFiles/cmTC_10e04.dir/CMakeCCompilerABI.c.o
/apps/intel/ComposerXE2016/compilers_and_libraries_2016.3.210/linux/bin/intel64/icc     -o CMakeFiles/cmTC_10e04.dir/CMakeCCompilerABI.c.o   -c /apps/cmake/3.6.0/share/cmake-3.6/Modules/CMakeCCompilerABI.c
Linking C executable cmTC_10e04
/apps/cmake/3.6.0/bin/cmake -E cmake_link_script CMakeFiles/cmTC_10e04.dir/link.txt --verbose=1
/apps/intel/ComposerXE2016/compilers_and_libraries_2016.3.210/linux/bin/intel64/icc      -v CMakeFiles/cmTC_10e04.dir/CMakeCCompilerABI.c.o  -o cmTC_10e04 -rdynamic  
icc version 16.0.3 (gcc version 5.3.0 compatibility)
/apps/intel/ComposerXE2016/compilers_and_libraries_2016.3.210/linux/bin/intel64/mcpcom    -mGLOB_em64t=TRUE -mP1OPT_version=16.0-intel64 -mGLOB_diag_file=CMakeFiles/cmTC_10e04.dir/CMakeCCompilerABI.c.diag -mP1OPT_print_version=FALSE -mCG_use_gas_got_workaround=F -mP2OPT_align_option_used=TRUE -mGLOB_gcc_version=530 "-mGLOB_options_string=-v -o cmTC_10e04 -rdynamic" -mGLOB_cxx_limited_range=FALSE -mCG_extend_parms=FALSE -mGLOB_compiler_bin_directory=/apps/intel/ComposerXE2016/compilers_and_libraries_2016.3.210/linux/bin/intel64 -mGLOB_as_output_backup_file_name=/tmp/iccp9OBeqas_.s -mGLOB_dashboard_use_source_name -mIPOPT_activate -mGLOB_product_id_code=0x22006d91 -mP3OPT_use_mspp_call_convention -mP2OPT_subs_out_of_bound=FALSE -mP2OPT_disam_type_based_disam=2 -mP2OPT_disam_assume_ansi_c -mP2OPT_checked_disam_ansi_alias=TRUE -mGLOB_ansi_alias -mPGOPTI_value_profile_use=T -mGLOB_opt_report_use_source_name -mP2OPT_il0_array_sections=TRUE -mGLOB_offload_mode=1 -mP2OPT_offload_unique_var_string=icc0102079319216cn1rX6 -mP2OPT_hlo -mP2OPT_hpo_rtt_control=0 -mIPOPT_args_in_regs=0 -mP2OPT_disam_assume_nonstd_intent_in=FALSE -mGLOB_imf_mapping_library=/apps/intel/ComposerXE2016/compilers_and_libraries_2016.3.210/linux/bin/intel64/libiml_attr.so -mPGOPTI_gen_threadsafe_level=0 -mIPOPT_link -mIPOPT_ipo_activate -mIPOPT_mo_activate -mIPOPT_source_files_list=/tmp/iccslisQ0d2GM -mIPOPT_mo_global_data -mIPOPT_link_script_file=/tmp/iccscriptrn22RZ "-mIPOPT_cmdline_link="/lib/../lib64/crt1.o" "/lib/../lib64/crti.o" "/apps/gcc/gcc-5.3.0-x86_64/lib/gcc/x86_64-unknown-linux-gnu/5.3.0/crtbegin.o" "-export-dynamic" "--eh-frame-hdr" "--build-id" "-dynamic-linker" "/lib64/ld-linux-x86-64.so.2" "-m" "elf_x86_64" "-o" "cmTC_10e04" "-L/apps/intel/ComposerXE2016/compilers_and_libraries_2016.3.210/linux/compiler/lib/intel64" "-L/apps/intel/ComposerXE2016/compilers_and_libraries_2016.3.210/linux/compiler/lib/intel64_lin" "-L/apps/intel/ComposerXE2016/compilers_and_libraries_2016.3.210/linux/mkl/lib/intel64" "-L/apps/intel/ComposerXE2016/compilers_and_libraries_2016.3.210/linux/compiler/lib/intel64_lin" "-L/apps/gcc/gcc-5.3.0-x86_64/lib/gcc/x86_64-unknown-linux-gnu/5.3.0/" "-L/apps/gcc/gcc-5.3.0-x86_64/lib/gcc/x86_64-unknown-linux-gnu/5.3.0/../../../../lib64" "-L/apps/gcc/gcc-5.3.0-x86_64/lib/gcc/x86_64-unknown-linux-gnu/5.3.0/../../../../lib64/" "-L/lib/../lib64" "-L/lib/../lib64/" "-L/usr/lib/../lib64" "-L/usr/lib/../lib64/" "-L/apps/intel/ComposerXE2016/compilers_and_libraries_2016.3.210/linux/compiler/lib/intel64/" "-L/apps/intel/ComposerXE2016/compilers_and_libraries_2016.3.210/linux/compiler/lib/intel64_lin/" "-L/apps/intel/ComposerXE2016/compilers_and_libraries_2016.3.210/linux/mkl/lib/intel64/" "-L/apps/gcc/gcc-5.3.0-x86_64/lib/gcc/x86_64-unknown-linux-gnu/5.3.0/../../../" "-L/lib64" "-L/lib/" "-L/usr/lib64" "-L/usr/lib" "CMakeFiles/cmTC_10e04.dir/CMakeCCompilerABI.c.o" "-Bdynamic" "-Bstatic" "-limf" "-lsvml" "-lirng" "-Bdynamic" "-lm" "-Bstatic" "-lipgo" "-ldecimal" "--as-needed" "-Bdynamic" "-lcilkrts" "-lstdc++" "--no-as-needed" "-lgcc" "-lgcc_s" "-Bstatic" "-lirc" "-lsvml" "-Bdynamic" "-lc" "-lgcc" "-lgcc_s" "-Bstatic" "-lirc_s" "-Bdynamic" "-ldl" "-lc" "/apps/gcc/gcc-5.3.0-x86_64/lib/gcc/x86_64-unknown-linux-gnu/5.3.0/crtend.o" "/lib/../lib64/crtn.o"" -mIPOPT_il_in_obj -mIPOPT_ipo_activate_warn=FALSE -mIPOPT_obj_output_file_name=/tmp/ipo_iccUVD2Cv.o -mIPOPT_whole_archive_fixup_file_name=/tmp/iccwarchbhtBky -mGLOB_linker_version=2.25.1 -mGLOB_long_size_64 -mGLOB_routine_pointer_size_64 -mGLOB_driver_tempfile_name=/tmp/icctempfileBXL7yL -mP3OPT_asm_target=P3OPT_ASM_TARGET_GAS -mGLOB_async_unwind_tables=TRUE -mGLOB_obj_output_file=/tmp/ipo_iccUVD2Cv.o -mGLOB_source_dialect=GLOB_SOURCE_DIALECT_NONE -mP1OPT_source_file_name=ipo_out.c CMakeFiles/cmTC_10e04.dir/CMakeCCompilerABI.c.o -mIPOPT_object_files=T -mIPOPT_assembly_files=/tmp/iccalisGxD1YV -mIPOPT_generated_tempfiles=/tmp/iccelisxQr198 -mIPOPT_embedded_object_base_name=/tmp/icceobj6xt1km -mIPOPT_cmdline_link_new_name=/tmp/iccllishhI1vz
ld    /lib/../lib64/crt1.o /lib/../lib64/crti.o /apps/gcc/gcc-5.3.0-x86_64/lib/gcc/x86_64-unknown-linux-gnu/5.3.0/crtbegin.o -export-dynamic --eh-frame-hdr --build-id -dynamic-linker /lib64/ld-linux-x86-64.so.2 -m elf_x86_64 -o cmTC_10e04 -L/apps/intel/ComposerXE2016/compilers_and_libraries_2016.3.210/linux/compiler/lib/intel64 -L/apps/intel/ComposerXE2016/compilers_and_libraries_2016.3.210/linux/compiler/lib/intel64_lin -L/apps/intel/ComposerXE2016/compilers_and_libraries_2016.3.210/linux/mkl/lib/intel64 -L/apps/intel/ComposerXE2016/compilers_and_libraries_2016.3.210/linux/compiler/lib/intel64_lin -L/apps/gcc/gcc-5.3.0-x86_64/lib/gcc/x86_64-unknown-linux-gnu/5.3.0/ -L/apps/gcc/gcc-5.3.0-x86_64/lib/gcc/x86_64-unknown-linux-gnu/5.3.0/../../../../lib64 -L/apps/gcc/gcc-5.3.0-x86_64/lib/gcc/x86_64-unknown-linux-gnu/5.3.0/../../../../lib64/ -L/lib/../lib64 -L/lib/../lib64/ -L/usr/lib/../lib64 -L/usr/lib/../lib64/ -L/apps/intel/ComposerXE2016/compilers_and_libraries_2016.3.210/linux/compiler/lib/intel64/ -L/apps/intel/ComposerXE2016/compilers_and_libraries_2016.3.210/linux/compiler/lib/intel64_lin/ -L/apps/intel/ComposerXE2016/compilers_and_libraries_2016.3.210/linux/mkl/lib/intel64/ -L/apps/gcc/gcc-5.3.0-x86_64/lib/gcc/x86_64-unknown-linux-gnu/5.3.0/../../../ -L/lib64 -L/lib/ -L/usr/lib64 -L/usr/lib CMakeFiles/cmTC_10e04.dir/CMakeCCompilerABI.c.o -Bdynamic -Bstatic -limf -lsvml -lirng -Bdynamic -lm -Bstatic -lipgo -ldecimal --as-needed -Bdynamic -lcilkrts -lstdc++ --no-as-needed -lgcc -lgcc_s -Bstatic -lirc -lsvml -Bdynamic -lc -lgcc -lgcc_s -Bstatic -lirc_s -Bdynamic -ldl -lc /apps/gcc/gcc-5.3.0-x86_64/lib/gcc/x86_64-unknown-linux-gnu/5.3.0/crtend.o /lib/../lib64/crtn.o
gmake[1]: Leaving directory `/home/hpc/unrz/unrz002h/yask/yaskSite/build/CMakeFiles/CMakeTmp'


Parsed C implicit link information from above output:
  link line regex: [^( *|.*[/\])(ld|([^/\]+-)?ld|collect2)[^/\]*( |$)]
  ignore line: [Change Dir: /home/hpc/unrz/unrz002h/yask/yaskSite/build/CMakeFiles/CMakeTmp]
  ignore line: []
  ignore line: [Run Build Command:"/usr/bin/gmake" "cmTC_10e04/fast"]
  ignore line: [/usr/bin/gmake -f CMakeFiles/cmTC_10e04.dir/build.make CMakeFiles/cmTC_10e04.dir/build]
  ignore line: [gmake[1]: Entering directory `/home/hpc/unrz/unrz002h/yask/yaskSite/build/CMakeFiles/CMakeTmp']
  ignore line: [Building C object CMakeFiles/cmTC_10e04.dir/CMakeCCompilerABI.c.o]
  ignore line: [/apps/intel/ComposerXE2016/compilers_and_libraries_2016.3.210/linux/bin/intel64/icc     -o CMakeFiles/cmTC_10e04.dir/CMakeCCompilerABI.c.o   -c /apps/cmake/3.6.0/share/cmake-3.6/Modules/CMakeCCompilerABI.c]
  ignore line: [Linking C executable cmTC_10e04]
  ignore line: [/apps/cmake/3.6.0/bin/cmake -E cmake_link_script CMakeFiles/cmTC_10e04.dir/link.txt --verbose=1]
  ignore line: [/apps/intel/ComposerXE2016/compilers_and_libraries_2016.3.210/linux/bin/intel64/icc      -v CMakeFiles/cmTC_10e04.dir/CMakeCCompilerABI.c.o  -o cmTC_10e04 -rdynamic  ]
  ignore line: [icc version 16.0.3 (gcc version 5.3.0 compatibility)]
  ignore line: [/apps/intel/ComposerXE2016/compilers_and_libraries_2016.3.210/linux/bin/intel64/mcpcom    -mGLOB_em64t=TRUE -mP1OPT_version=16.0-intel64 -mGLOB_diag_file=CMakeFiles/cmTC_10e04.dir/CMakeCCompilerABI.c.diag -mP1OPT_print_version=FALSE -mCG_use_gas_got_workaround=F -mP2OPT_align_option_used=TRUE -mGLOB_gcc_version=530 "-mGLOB_options_string=-v -o cmTC_10e04 -rdynamic" -mGLOB_cxx_limited_range=FALSE -mCG_extend_parms=FALSE -mGLOB_compiler_bin_directory=/apps/intel/ComposerXE2016/compilers_and_libraries_2016.3.210/linux/bin/intel64 -mGLOB_as_output_backup_file_name=/tmp/iccp9OBeqas_.s -mGLOB_dashboard_use_source_name -mIPOPT_activate -mGLOB_product_id_code=0x22006d91 -mP3OPT_use_mspp_call_convention -mP2OPT_subs_out_of_bound=FALSE -mP2OPT_disam_type_based_disam=2 -mP2OPT_disam_assume_ansi_c -mP2OPT_checked_disam_ansi_alias=TRUE -mGLOB_ansi_alias -mPGOPTI_value_profile_use=T -mGLOB_opt_report_use_source_name -mP2OPT_il0_array_sections=TRUE -mGLOB_offload_mode=1 -mP2OPT_offload_unique_var_string=icc0102079319216cn1rX6 -mP2OPT_hlo -mP2OPT_hpo_rtt_control=0 -mIPOPT_args_in_regs=0 -mP2OPT_disam_assume_nonstd_intent_in=FALSE -mGLOB_imf_mapping_library=/apps/intel/ComposerXE2016/compilers_and_libraries_2016.3.210/linux/bin/intel64/libiml_attr.so -mPGOPTI_gen_threadsafe_level=0 -mIPOPT_link -mIPOPT_ipo_activate -mIPOPT_mo_activate -mIPOPT_source_files_list=/tmp/iccslisQ0d2GM -mIPOPT_mo_global_data -mIPOPT_link_script_file=/tmp/iccscriptrn22RZ "-mIPOPT_cmdline_link="/lib/../lib64/crt1.o" "/lib/../lib64/crti.o" "/apps/gcc/gcc-5.3.0-x86_64/lib/gcc/x86_64-unknown-linux-gnu/5.3.0/crtbegin.o" "-export-dynamic" "--eh-frame-hdr" "--build-id" "-dynamic-linker" "/lib64/ld-linux-x86-64.so.2" "-m" "elf_x86_64" "-o" "cmTC_10e04" "-L/apps/intel/ComposerXE2016/compilers_and_libraries_2016.3.210/linux/compiler/lib/intel64" "-L/apps/intel/ComposerXE2016/compilers_and_libraries_2016.3.210/linux/compiler/lib/intel64_lin" "-L/apps/intel/ComposerXE2016/compilers_and_libraries_2016.3.210/linux/mkl/lib/intel64" "-L/apps/intel/ComposerXE2016/compilers_and_libraries_2016.3.210/linux/compiler/lib/intel64_lin" "-L/apps/gcc/gcc-5.3.0-x86_64/lib/gcc/x86_64-unknown-linux-gnu/5.3.0/" "-L/apps/gcc/gcc-5.3.0-x86_64/lib/gcc/x86_64-unknown-linux-gnu/5.3.0/../../../../lib64" "-L/apps/gcc/gcc-5.3.0-x86_64/lib/gcc/x86_64-unknown-linux-gnu/5.3.0/../../../../lib64/" "-L/lib/../lib64" "-L/lib/../lib64/" "-L/usr/lib/../lib64" "-L/usr/lib/../lib64/" "-L/apps/intel/ComposerXE2016/compilers_and_libraries_2016.3.210/linux/compiler/lib/intel64/" "-L/apps/intel/ComposerXE2016/compilers_and_libraries_2016.3.210/linux/compiler/lib/intel64_lin/" "-L/apps/intel/ComposerXE2016/compilers_and_libraries_2016.3.210/linux/mkl/lib/intel64/" "-L/apps/gcc/gcc-5.3.0-x86_64/lib/gcc/x86_64-unknown-linux-gnu/5.3.0/../../../" "-L/lib64" "-L/lib/" "-L/usr/lib64" "-L/usr/lib" "CMakeFiles/cmTC_10e04.dir/CMakeCCompilerABI.c.o" "-Bdynamic" "-Bstatic" "-limf" "-lsvml" "-lirng" "-Bdynamic" "-lm" "-Bstatic" "-lipgo" "-ldecimal" "--as-needed" "-Bdynamic" "-lcilkrts" "-lstdc++" "--no-as-needed" "-lgcc" "-lgcc_s" "-Bstatic" "-lirc" "-lsvml" "-Bdynamic" "-lc" "-lgcc" "-lgcc_s" "-Bstatic" "-lirc_s" "-Bdynamic" "-ldl" "-lc" "/apps/gcc/gcc-5.3.0-x86_64/lib/gcc/x86_64-unknown-linux-gnu/5.3.0/crtend.o" "/lib/../lib64/crtn.o"" -mIPOPT_il_in_obj -mIPOPT_ipo_activate_warn=FALSE -mIPOPT_obj_output_file_name=/tmp/ipo_iccUVD2Cv.o -mIPOPT_whole_archive_fixup_file_name=/tmp/iccwarchbhtBky -mGLOB_linker_version=2.25.1 -mGLOB_long_size_64 -mGLOB_routine_pointer_size_64 -mGLOB_driver_tempfile_name=/tmp/icctempfileBXL7yL -mP3OPT_asm_target=P3OPT_ASM_TARGET_GAS -mGLOB_async_unwind_tables=TRUE -mGLOB_obj_output_file=/tmp/ipo_iccUVD2Cv.o -mGLOB_source_dialect=GLOB_SOURCE_DIALECT_NONE -mP1OPT_source_file_name=ipo_out.c CMakeFiles/cmTC_10e04.dir/CMakeCCompilerABI.c.o -mIPOPT_object_files=T -mIPOPT_assembly_files=/tmp/iccalisGxD1YV -mIPOPT_generated_tempfiles=/tmp/iccelisxQr198 -mIPOPT_embedded_object_base_name=/tmp/icceobj6xt1km -mIPOPT_cmdline_link_new_name=/tmp/iccllishhI1vz]
  link line: [ld    /lib/../lib64/crt1.o /lib/../lib64/crti.o /apps/gcc/gcc-5.3.0-x86_64/lib/gcc/x86_64-unknown-linux-gnu/5.3.0/crtbegin.o -export-dynamic --eh-frame-hdr --build-id -dynamic-linker /lib64/ld-linux-x86-64.so.2 -m elf_x86_64 -o cmTC_10e04 -L/apps/intel/ComposerXE2016/compilers_and_libraries_2016.3.210/linux/compiler/lib/intel64 -L/apps/intel/ComposerXE2016/compilers_and_libraries_2016.3.210/linux/compiler/lib/intel64_lin -L/apps/intel/ComposerXE2016/compilers_and_libraries_2016.3.210/linux/mkl/lib/intel64 -L/apps/intel/ComposerXE2016/compilers_and_libraries_2016.3.210/linux/compiler/lib/intel64_lin -L/apps/gcc/gcc-5.3.0-x86_64/lib/gcc/x86_64-unknown-linux-gnu/5.3.0/ -L/apps/gcc/gcc-5.3.0-x86_64/lib/gcc/x86_64-unknown-linux-gnu/5.3.0/../../../../lib64 -L/apps/gcc/gcc-5.3.0-x86_64/lib/gcc/x86_64-unknown-linux-gnu/5.3.0/../../../../lib64/ -L/lib/../lib64 -L/lib/../lib64/ -L/usr/lib/../lib64 -L/usr/lib/../lib64/ -L/apps/intel/ComposerXE2016/compilers_and_libraries_2016.3.210/linux/compiler/lib/intel64/ -L/apps/intel/ComposerXE2016/compilers_and_libraries_2016.3.210/linux/compiler/lib/intel64_lin/ -L/apps/intel/ComposerXE2016/compilers_and_libraries_2016.3.210/linux/mkl/lib/intel64/ -L/apps/gcc/gcc-5.3.0-x86_64/lib/gcc/x86_64-unknown-linux-gnu/5.3.0/../../../ -L/lib64 -L/lib/ -L/usr/lib64 -L/usr/lib CMakeFiles/cmTC_10e04.dir/CMakeCCompilerABI.c.o -Bdynamic -Bstatic -limf -lsvml -lirng -Bdynamic -lm -Bstatic -lipgo -ldecimal --as-needed -Bdynamic -lcilkrts -lstdc++ --no-as-needed -lgcc -lgcc_s -Bstatic -lirc -lsvml -Bdynamic -lc -lgcc -lgcc_s -Bstatic -lirc_s -Bdynamic -ldl -lc /apps/gcc/gcc-5.3.0-x86_64/lib/gcc/x86_64-unknown-linux-gnu/5.3.0/crtend.o /lib/../lib64/crtn.o]
    arg [ld] ==> ignore
    arg [/lib/../lib64/crt1.o] ==> ignore
    arg [/lib/../lib64/crti.o] ==> ignore
    arg [/apps/gcc/gcc-5.3.0-x86_64/lib/gcc/x86_64-unknown-linux-gnu/5.3.0/crtbegin.o] ==> ignore
    arg [-export-dynamic] ==> ignore
    arg [--eh-frame-hdr] ==> ignore
    arg [--build-id] ==> ignore
    arg [-dynamic-linker] ==> ignore
    arg [/lib64/ld-linux-x86-64.so.2] ==> ignore
    arg [-m] ==> ignore
    arg [elf_x86_64] ==> ignore
    arg [-o] ==> ignore
    arg [cmTC_10e04] ==> ignore
    arg [-L/apps/intel/ComposerXE2016/compilers_and_libraries_2016.3.210/linux/compiler/lib/intel64] ==> dir [/apps/intel/ComposerXE2016/compilers_and_libraries_2016.3.210/linux/compiler/lib/intel64]
    arg [-L/apps/intel/ComposerXE2016/compilers_and_libraries_2016.3.210/linux/compiler/lib/intel64_lin] ==> dir [/apps/intel/ComposerXE2016/compilers_and_libraries_2016.3.210/linux/compiler/lib/intel64_lin]
    arg [-L/apps/intel/ComposerXE2016/compilers_and_libraries_2016.3.210/linux/mkl/lib/intel64] ==> dir [/apps/intel/ComposerXE2016/compilers_and_libraries_2016.3.210/linux/mkl/lib/intel64]
    arg [-L/apps/intel/ComposerXE2016/compilers_and_libraries_2016.3.210/linux/compiler/lib/intel64_lin] ==> dir [/apps/intel/ComposerXE2016/compilers_and_libraries_2016.3.210/linux/compiler/lib/intel64_lin]
    arg [-L/apps/gcc/gcc-5.3.0-x86_64/lib/gcc/x86_64-unknown-linux-gnu/5.3.0/] ==> dir [/apps/gcc/gcc-5.3.0-x86_64/lib/gcc/x86_64-unknown-linux-gnu/5.3.0/]
    arg [-L/apps/gcc/gcc-5.3.0-x86_64/lib/gcc/x86_64-unknown-linux-gnu/5.3.0/../../../../lib64] ==> dir [/apps/gcc/gcc-5.3.0-x86_64/lib/gcc/x86_64-unknown-linux-gnu/5.3.0/../../../../lib64]
    arg [-L/apps/gcc/gcc-5.3.0-x86_64/lib/gcc/x86_64-unknown-linux-gnu/5.3.0/../../../../lib64/] ==> dir [/apps/gcc/gcc-5.3.0-x86_64/lib/gcc/x86_64-unknown-linux-gnu/5.3.0/../../../../lib64/]
    arg [-L/lib/../lib64] ==> dir [/lib/../lib64]
    arg [-L/lib/../lib64/] ==> dir [/lib/../lib64/]
    arg [-L/usr/lib/../lib64] ==> dir [/usr/lib/../lib64]
    arg [-L/usr/lib/../lib64/] ==> dir [/usr/lib/../lib64/]
    arg [-L/apps/intel/ComposerXE2016/compilers_and_libraries_2016.3.210/linux/compiler/lib/intel64/] ==> dir [/apps/intel/ComposerXE2016/compilers_and_libraries_2016.3.210/linux/compiler/lib/intel64/]
    arg [-L/apps/intel/ComposerXE2016/compilers_and_libraries_2016.3.210/linux/compiler/lib/intel64_lin/] ==> dir [/apps/intel/ComposerXE2016/compilers_and_libraries_2016.3.210/linux/compiler/lib/intel64_lin/]
    arg [-L/apps/intel/ComposerXE2016/compilers_and_libraries_2016.3.210/linux/mkl/lib/intel64/] ==> dir [/apps/intel/ComposerXE2016/compilers_and_libraries_2016.3.210/linux/mkl/lib/intel64/]
    arg [-L/apps/gcc/gcc-5.3.0-x86_64/lib/gcc/x86_64-unknown-linux-gnu/5.3.0/../../../] ==> dir [/apps/gcc/gcc-5.3.0-x86_64/lib/gcc/x86_64-unknown-linux-gnu/5.3.0/../../../]
    arg [-L/lib64] ==> dir [/lib64]
    arg [-L/lib/] ==> dir [/lib/]
    arg [-L/usr/lib64] ==> dir [/usr/lib64]
    arg [-L/usr/lib] ==> dir [/usr/lib]
    arg [CMakeFiles/cmTC_10e04.dir/CMakeCCompilerABI.c.o] ==> ignore
    arg [-Bdynamic] ==> ignore
    arg [-Bstatic] ==> ignore
    arg [-limf] ==> lib [imf]
    arg [-lsvml] ==> lib [svml]
    arg [-lirng] ==> lib [irng]
    arg [-Bdynamic] ==> ignore
    arg [-lm] ==> lib [m]
    arg [-Bstatic] ==> ignore
    arg [-lipgo] ==> lib [ipgo]
    arg [-ldecimal] ==> lib [decimal]
    arg [--as-needed] ==> ignore
    arg [-Bdynamic] ==> ignore
    arg [-lcilkrts] ==> lib [cilkrts]
    arg [-lstdc++] ==> lib [stdc++]
    arg [--no-as-needed] ==> ignore
    arg [-lgcc] ==> lib [gcc]
    arg [-lgcc_s] ==> lib [gcc_s]
    arg [-Bstatic] ==> ignore
    arg [-lirc] ==> lib [irc]
    arg [-lsvml] ==> lib [svml]
    arg [-Bdynamic] ==> ignore
    arg [-lc] ==> lib [c]
    arg [-lgcc] ==> lib [gcc]
    arg [-lgcc_s] ==> lib [gcc_s]
    arg [-Bstatic] ==> ignore
    arg [-lirc_s] ==> lib [irc_s]
    arg [-Bdynamic] ==> ignore
    arg [-ldl] ==> lib [dl]
    arg [-lc] ==> lib [c]
    arg [/apps/gcc/gcc-5.3.0-x86_64/lib/gcc/x86_64-unknown-linux-gnu/5.3.0/crtend.o] ==> ignore
    arg [/lib/../lib64/crtn.o] ==> ignore
  remove lib [gcc]
  remove lib [gcc_s]
  remove lib [gcc]
  remove lib [gcc_s]
  collapse library dir [/apps/intel/ComposerXE2016/compilers_and_libraries_2016.3.210/linux/compiler/lib/intel64] ==> [/apps/intel/ComposerXE2016/compilers_and_libraries_2016.3.210/linux/compiler/lib/intel64]
  collapse library dir [/apps/intel/ComposerXE2016/compilers_and_libraries_2016.3.210/linux/compiler/lib/intel64_lin] ==> [/apps/intel/ComposerXE2016/compilers_and_libraries_2016.3.210/linux/compiler/lib/intel64_lin]
  collapse library dir [/apps/intel/ComposerXE2016/compilers_and_libraries_2016.3.210/linux/mkl/lib/intel64] ==> [/apps/intel/ComposerXE2016/compilers_and_libraries_2016.3.210/linux/mkl/lib/intel64]
  collapse library dir [/apps/intel/ComposerXE2016/compilers_and_libraries_2016.3.210/linux/compiler/lib/intel64_lin] ==> [/apps/intel/ComposerXE2016/compilers_and_libraries_2016.3.210/linux/compiler/lib/intel64_lin]
  collapse library dir [/apps/gcc/gcc-5.3.0-x86_64/lib/gcc/x86_64-unknown-linux-gnu/5.3.0/] ==> [/apps/gcc/gcc-5.3.0-x86_64/lib/gcc/x86_64-unknown-linux-gnu/5.3.0]
  collapse library dir [/apps/gcc/gcc-5.3.0-x86_64/lib/gcc/x86_64-unknown-linux-gnu/5.3.0/../../../../lib64] ==> [/apps/gcc/gcc-5.3.0-x86_64/lib64]
  collapse library dir [/apps/gcc/gcc-5.3.0-x86_64/lib/gcc/x86_64-unknown-linux-gnu/5.3.0/../../../../lib64/] ==> [/apps/gcc/gcc-5.3.0-x86_64/lib64]
  collapse library dir [/lib/../lib64] ==> [/lib64]
  collapse library dir [/lib/../lib64/] ==> [/lib64]
  collapse library dir [/usr/lib/../lib64] ==> [/usr/lib64]
  collapse library dir [/usr/lib/../lib64/] ==> [/usr/lib64]
  collapse library dir [/apps/intel/ComposerXE2016/compilers_and_libraries_2016.3.210/linux/compiler/lib/intel64/] ==> [/apps/intel/ComposerXE2016/compilers_and_libraries_2016.3.210/linux/compiler/lib/intel64]
  collapse library dir [/apps/intel/ComposerXE2016/compilers_and_libraries_2016.3.210/linux/compiler/lib/intel64_lin/] ==> [/apps/intel/ComposerXE2016/compilers_and_libraries_2016.3.210/linux/compiler/lib/intel64_lin]
  collapse library dir [/apps/intel/ComposerXE2016/compilers_and_libraries_2016.3.210/linux/mkl/lib/intel64/] ==> [/apps/intel/ComposerXE2016/compilers_and_libraries_2016.3.210/linux/mkl/lib/intel64]
  collapse library dir [/apps/gcc/gcc-5.3.0-x86_64/lib/gcc/x86_64-unknown-linux-gnu/5.3.0/../../../] ==> [/apps/gcc/gcc-5.3.0-x86_64/lib]
  collapse library dir [/lib64] ==> [/lib64]
  collapse library dir [/lib/] ==> [/lib]
  collapse library dir [/usr/lib64] ==> [/usr/lib64]
  collapse library dir [/usr/lib] ==> [/usr/lib]
  implicit libs: [imf;svml;irng;m;ipgo;decimal;cilkrts;stdc++;irc;svml;c;irc_s;dl;c]
  implicit dirs: [/apps/intel/ComposerXE2016/compilers_and_libraries_2016.3.210/linux/compiler/lib/intel64;/apps/intel/ComposerXE2016/compilers_and_libraries_2016.3.210/linux/compiler/lib/intel64_lin;/apps/intel/ComposerXE2016/compilers_and_libraries_2016.3.210/linux/mkl/lib/intel64;/apps/gcc/gcc-5.3.0-x86_64/lib/gcc/x86_64-unknown-linux-gnu/5.3.0;/apps/gcc/gcc-5.3.0-x86_64/lib64;/lib64;/usr/lib64;/apps/gcc/gcc-5.3.0-x86_64/lib;/lib;/usr/lib]
  implicit fwks: []




Detecting C [-std=c11] compiler features compiled with the following output:
Change Dir: /home/hpc/unrz/unrz002h/yask/yaskSite/build/CMakeFiles/CMakeTmp

Run Build Command:"/usr/bin/gmake" "cmTC_02e86/fast"
/usr/bin/gmake -f CMakeFiles/cmTC_02e86.dir/build.make CMakeFiles/cmTC_02e86.dir/build
gmake[1]: Entering directory `/home/hpc/unrz/unrz002h/yask/yaskSite/build/CMakeFiles/CMakeTmp'
Building C object CMakeFiles/cmTC_02e86.dir/feature_tests.c.o
/apps/intel/ComposerXE2016/compilers_and_libraries_2016.3.210/linux/bin/intel64/icc    -std=c11 -o CMakeFiles/cmTC_02e86.dir/feature_tests.c.o   -c /home/hpc/unrz/unrz002h/yask/yaskSite/build/CMakeFiles/feature_tests.c
Linking C executable cmTC_02e86
/apps/cmake/3.6.0/bin/cmake -E cmake_link_script CMakeFiles/cmTC_02e86.dir/link.txt --verbose=1
/apps/intel/ComposerXE2016/compilers_and_libraries_2016.3.210/linux/bin/intel64/icc       CMakeFiles/cmTC_02e86.dir/feature_tests.c.o  -o cmTC_02e86 -rdynamic 
gmake[1]: Leaving directory `/home/hpc/unrz/unrz002h/yask/yaskSite/build/CMakeFiles/CMakeTmp'


    Feature record: C_FEATURE:1c_function_prototypes
    Feature record: C_FEATURE:1c_restrict
    Feature record: C_FEATURE:1c_static_assert
    Feature record: C_FEATURE:1c_variadic_macros


Detecting C [-std=c99] compiler features compiled with the following output:
Change Dir: /home/hpc/unrz/unrz002h/yask/yaskSite/build/CMakeFiles/CMakeTmp

Run Build Command:"/usr/bin/gmake" "cmTC_a7e4b/fast"
/usr/bin/gmake -f CMakeFiles/cmTC_a7e4b.dir/build.make CMakeFiles/cmTC_a7e4b.dir/build
gmake[1]: Entering directory `/home/hpc/unrz/unrz002h/yask/yaskSite/build/CMakeFiles/CMakeTmp'
Building C object CMakeFiles/cmTC_a7e4b.dir/feature_tests.c.o
/apps/intel/ComposerXE2016/compilers_and_libraries_2016.3.210/linux/bin/intel64/icc    -std=c99 -o CMakeFiles/cmTC_a7e4b.dir/feature_tests.c.o   -c /home/hpc/unrz/unrz002h/yask/yaskSite/build/CMakeFiles/feature_tests.c
Linking C executable cmTC_a7e4b
/apps/cmake/3.6.0/bin/cmake -E cmake_link_script CMakeFiles/cmTC_a7e4b.dir/link.txt --verbose=1
/apps/intel/ComposerXE2016/compilers_and_libraries_2016.3.210/linux/bin/intel64/icc       CMakeFiles/cmTC_a7e4b.dir/feature_tests.c.o  -o cmTC_a7e4b -rdynamic 
gmake[1]: Leaving directory `/home/hpc/unrz/unrz002h/yask/yaskSite/build/CMakeFiles/CMakeTmp'


    Feature record: C_FEATURE:1c_function_prototypes
    Feature record: C_FEATURE:1c_restrict
    Feature record: C_FEATURE:1c_static_assert
    Feature record: C_FEATURE:1c_variadic_macros


Detecting C [-std=c89] compiler features compiled with the following output:
Change Dir: /home/hpc/unrz/unrz002h/yask/yaskSite/build/CMakeFiles/CMakeTmp

Run Build Command:"/usr/bin/gmake" "cmTC_1cfcc/fast"
/usr/bin/gmake -f CMakeFiles/cmTC_1cfcc.dir/build.make CMakeFiles/cmTC_1cfcc.dir/build
gmake[1]: Entering directory `/home/hpc/unrz/unrz002h/yask/yaskSite/build/CMakeFiles/CMakeTmp'
Building C object CMakeFiles/cmTC_1cfcc.dir/feature_tests.c.o
/apps/intel/ComposerXE2016/compilers_and_libraries_2016.3.210/linux/bin/intel64/icc    -std=c89 -o CMakeFiles/cmTC_1cfcc.dir/feature_tests.c.o   -c /home/hpc/unrz/unrz002h/yask/yaskSite/build/CMakeFiles/feature_tests.c
Linking C executable cmTC_1cfcc
/apps/cmake/3.6.0/bin/cmake -E cmake_link_script CMakeFiles/cmTC_1cfcc.dir/link.txt --verbose=1
/apps/intel/ComposerXE2016/compilers_and_libraries_2016.3.210/linux/bin/intel64/icc       CMakeFiles/cmTC_1cfcc.dir/feature_tests.c.o  -o cmTC_1cfcc -rdynamic 
gmake[1]: Leaving directory `/home/hpc/unrz/unrz002h/yask/yaskSite/build/CMakeFiles/CMakeTmp'


    Feature record: C_FEATURE:1c_function_prototypes
    Feature record: C_FEATURE:0c_restrict
    Feature record: C_FEATURE:0c_static_assert
    Feature record: C_FEATURE:0c_variadic_macros
Determining if the CXX compiler works passed with the following output:
Change Dir: /home/hpc/unrz/unrz002h/yask/yaskSite/build/CMakeFiles/CMakeTmp

Run Build Command:"/usr/bin/gmake" "cmTC_beb96/fast"
/usr/bin/gmake -f CMakeFiles/cmTC_beb96.dir/build.make CMakeFiles/cmTC_beb96.dir/build
gmake[1]: Entering directory `/home/hpc/unrz/unrz002h/yask/yaskSite/build/CMakeFiles/CMakeTmp'
Building CXX object CMakeFiles/cmTC_beb96.dir/testCXXCompiler.cxx.o
/apps/intel/ComposerXE2016/compilers_and_libraries_2016.3.210/linux/bin/intel64/icpc      -o CMakeFiles/cmTC_beb96.dir/testCXXCompiler.cxx.o -c /home/hpc/unrz/unrz002h/yask/yaskSite/build/CMakeFiles/CMakeTmp/testCXXCompiler.cxx
Linking CXX executable cmTC_beb96
/apps/cmake/3.6.0/bin/cmake -E cmake_link_script CMakeFiles/cmTC_beb96.dir/link.txt --verbose=1
/apps/intel/ComposerXE2016/compilers_and_libraries_2016.3.210/linux/bin/intel64/icpc        CMakeFiles/cmTC_beb96.dir/testCXXCompiler.cxx.o  -o cmTC_beb96 -rdynamic 
gmake[1]: Leaving directory `/home/hpc/unrz/unrz002h/yask/yaskSite/build/CMakeFiles/CMakeTmp'


Detecting CXX compiler ABI info compiled with the following output:
Change Dir: /home/hpc/unrz/unrz002h/yask/yaskSite/build/CMakeFiles/CMakeTmp

Run Build Command:"/usr/bin/gmake" "cmTC_41c4b/fast"
/usr/bin/gmake -f CMakeFiles/cmTC_41c4b.dir/build.make CMakeFiles/cmTC_41c4b.dir/build
gmake[1]: Entering directory `/home/hpc/unrz/unrz002h/yask/yaskSite/build/CMakeFiles/CMakeTmp'
Building CXX object CMakeFiles/cmTC_41c4b.dir/CMakeCXXCompilerABI.cpp.o
/apps/intel/ComposerXE2016/compilers_and_libraries_2016.3.210/linux/bin/intel64/icpc      -o CMakeFiles/cmTC_41c4b.dir/CMakeCXXCompilerABI.cpp.o -c /apps/cmake/3.6.0/share/cmake-3.6/Modules/CMakeCXXCompilerABI.cpp
Linking CXX executable cmTC_41c4b
/apps/cmake/3.6.0/bin/cmake -E cmake_link_script CMakeFiles/cmTC_41c4b.dir/link.txt --verbose=1
/apps/intel/ComposerXE2016/compilers_and_libraries_2016.3.210/linux/bin/intel64/icpc       -v CMakeFiles/cmTC_41c4b.dir/CMakeCXXCompilerABI.cpp.o  -o cmTC_41c4b -rdynamic  
icpc version 16.0.3 (gcc version 5.3.0 compatibility)
/apps/intel/ComposerXE2016/compilers_and_libraries_2016.3.210/linux/bin/intel64/mcpcom    -mGLOB_em64t=TRUE -mP1OPT_version=16.0-intel64 -mGLOB_diag_file=CMakeFiles/cmTC_41c4b.dir/CMakeCXXCompilerABI.cpp.diag -mP1OPT_print_version=FALSE -mCG_use_gas_got_workaround=F -mP2OPT_align_option_used=TRUE -mGLOB_gcc_version=530 "-mGLOB_options_string=-v -o cmTC_41c4b -rdynamic" -mGLOB_cxx_limited_range=FALSE -mCG_extend_parms=FALSE -mGLOB_compiler_bin_directory=/apps/intel/ComposerXE2016/compilers_and_libraries_2016.3.210/linux/bin/intel64 -mGLOB_as_output_backup_file_name=/tmp/icpcThcb94as_.s -mGLOB_dashboard_use_source_name -mIPOPT_activate -mGLOB_product_id_code=0x22006d8e -mP3OPT_use_mspp_call_convention -mP2OPT_subs_out_of_bound=FALSE -mP2OPT_disam_type_based_disam=2 -mP2OPT_disam_assume_ansi_c -mP2OPT_checked_disam_ansi_alias=TRUE -mGLOB_ansi_alias -mPGOPTI_value_profile_use=T -mGLOB_opt_report_use_source_name -mP2OPT_il0_array_sections=TRUE -mGLOB_offload_mode=1 -mP2OPT_offload_unique_var_string=icpc0101181739228BiPEX4 -mP2OPT_hlo -mP2OPT_hpo_rtt_control=0 -mIPOPT_args_in_regs=0 -mP2OPT_disam_assume_nonstd_intent_in=FALSE -mGLOB_imf_mapping_library=/apps/intel/ComposerXE2016/compilers_and_libraries_2016.3.210/linux/bin/intel64/libiml_attr.so -mPGOPTI_gen_threadsafe_level=0 -mIPOPT_link -mIPOPT_ipo_activate -mIPOPT_mo_activate -mIPOPT_source_files_list=/tmp/icpcslisT5Nq8Z -mIPOPT_mo_global_data -mIPOPT_link_script_file=/tmp/icpcscriptVse9sm "-mIPOPT_cmdline_link="/lib/../lib64/crt1.o" "/lib/../lib64/crti.o" "/apps/gcc/gcc-5.3.0-x86_64/lib/gcc/x86_64-unknown-linux-gnu/5.3.0/crtbegin.o" "-export-dynamic" "--eh-frame-hdr" "--build-id" "-dynamic-linker" "/lib64/ld-linux-x86-64.so.2" "-m" "elf_x86_64" "-o" "cmTC_41c4b" "-L/apps/intel/ComposerXE2016/compilers_and_libraries_2016.3.210/linux/compiler/lib/intel64" "-L/apps/intel/ComposerXE2016/compilers_and_libraries_2016.3.210/linux/compiler/lib/intel64_lin" "-L/apps/intel/ComposerXE2016/compilers_and_libraries_2016.3.210/linux/mkl/lib/intel64" "-L/apps/intel/ComposerXE2016/compilers_and_libraries_2016.3.210/linux/compiler/lib/intel64_lin" "-L/apps/gcc/gcc-5.3.0-x86_64/lib/gcc/x86_64-unknown-linux-gnu/5.3.0/" "-L/apps/gcc/gcc-5.3.0-x86_64/lib/gcc/x86_64-unknown-linux-gnu/5.3.0/../../../../lib64" "-L/apps/gcc/gcc-5.3.0-x86_64/lib/gcc/x86_64-unknown-linux-gnu/5.3.0/../../../../lib64/" "-L/lib/../lib64" "-L/lib/../lib64/" "-L/usr/lib/../lib64" "-L/usr/lib/../lib64/" "-L/apps/intel/ComposerXE2016/compilers_and_libraries_2016.3.210/linux/compiler/lib/intel64/" "-L/apps/intel/ComposerXE2016/compilers_and_libraries_2016.3.210/linux/compiler/lib/intel64_lin/" "-L/apps/intel/ComposerXE2016/compilers_and_libraries_2016.3.210/linux/mkl/lib/intel64/" "-L/apps/gcc/gcc-5.3.0-x86_64/lib/gcc/x86_64-unknown-linux-gnu/5.3.0/../../../" "-L/lib64" "-L/lib/" "-L/usr/lib64" "-L/usr/lib" "CMakeFiles/cmTC_41c4b.dir/CMakeCXXCompilerABI.cpp.o" "-Bdynamic" "-Bstatic" "-limf" "-lsvml" "-lirng" "-Bdynamic" "-lstdc++" "-lm" "-Bstatic" "-lipgo" "-ldecimal" "--as-needed" "-Bdynamic" "-lcilkrts" "--no-as-needed" "-lstdc++" "-lgcc" "-lgcc_s" "-Bstatic" "-lirc" "-lsvml" "-Bdynamic" "-lc" "-lgcc" "-lgcc_s" "-Bstatic" "-lirc_s" "-Bdynamic" "-ldl" "-lc" "/apps/gcc/gcc-5.3.0-x86_64/lib/gcc/x86_64-unknown-linux-gnu/5.3.0/crtend.o" "/lib/../lib64/crtn.o"" -mIPOPT_il_in_obj -mIPOPT_ipo_activate_warn=FALSE -mIPOPT_obj_output_file_name=/tmp/ipo_icpcnpoc8P.o -mIPOPT_whole_archive_fixup_file_name=/tmp/icpcwarch9BCgPG -mGLOB_linker_version=2.25.1 -mGLOB_long_size_64 -mGLOB_routine_pointer_size_64 -mGLOB_driver_tempfile_name=/tmp/icpctempfileRveAd3 -mP3OPT_asm_target=P3OPT_ASM_TARGET_GAS -mGLOB_async_unwind_tables=TRUE -mGLOB_obj_output_file=/tmp/ipo_icpcnpoc8P.o -mGLOB_source_dialect=GLOB_SOURCE_DIALECT_NONE -mP1OPT_source_file_name=ipo_out.c CMakeFiles/cmTC_41c4b.dir/CMakeCXXCompilerABI.cpp.o -mIPOPT_object_files=T -mIPOPT_assembly_files=/tmp/icpcalisLN1ANy -mIPOPT_generated_tempfiles=/tmp/icpcelisLxFi8U -mIPOPT_embedded_object_base_name=/tmp/icpceobjfzw0sh -mIPOPT_cmdline_link_new_name=/tmp/icpcllis9DzIND
ld    /lib/../lib64/crt1.o /lib/../lib64/crti.o /apps/gcc/gcc-5.3.0-x86_64/lib/gcc/x86_64-unknown-linux-gnu/5.3.0/crtbegin.o -export-dynamic --eh-frame-hdr --build-id -dynamic-linker /lib64/ld-linux-x86-64.so.2 -m elf_x86_64 -o cmTC_41c4b -L/apps/intel/ComposerXE2016/compilers_and_libraries_2016.3.210/linux/compiler/lib/intel64 -L/apps/intel/ComposerXE2016/compilers_and_libraries_2016.3.210/linux/compiler/lib/intel64_lin -L/apps/intel/ComposerXE2016/compilers_and_libraries_2016.3.210/linux/mkl/lib/intel64 -L/apps/intel/ComposerXE2016/compilers_and_libraries_2016.3.210/linux/compiler/lib/intel64_lin -L/apps/gcc/gcc-5.3.0-x86_64/lib/gcc/x86_64-unknown-linux-gnu/5.3.0/ -L/apps/gcc/gcc-5.3.0-x86_64/lib/gcc/x86_64-unknown-linux-gnu/5.3.0/../../../../lib64 -L/apps/gcc/gcc-5.3.0-x86_64/lib/gcc/x86_64-unknown-linux-gnu/5.3.0/../../../../lib64/ -L/lib/../lib64 -L/lib/../lib64/ -L/usr/lib/../lib64 -L/usr/lib/../lib64/ -L/apps/intel/ComposerXE2016/compilers_and_libraries_2016.3.210/linux/compiler/lib/intel64/ -L/apps/intel/ComposerXE2016/compilers_and_libraries_2016.3.210/linux/compiler/lib/intel64_lin/ -L/apps/intel/ComposerXE2016/compilers_and_libraries_2016.3.210/linux/mkl/lib/intel64/ -L/apps/gcc/gcc-5.3.0-x86_64/lib/gcc/x86_64-unknown-linux-gnu/5.3.0/../../../ -L/lib64 -L/lib/ -L/usr/lib64 -L/usr/lib CMakeFiles/cmTC_41c4b.dir/CMakeCXXCompilerABI.cpp.o -Bdynamic -Bstatic -limf -lsvml -lirng -Bdynamic -lstdc++ -lm -Bstatic -lipgo -ldecimal --as-needed -Bdynamic -lcilkrts --no-as-needed -lstdc++ -lgcc -lgcc_s -Bstatic -lirc -lsvml -Bdynamic -lc -lgcc -lgcc_s -Bstatic -lirc_s -Bdynamic -ldl -lc /apps/gcc/gcc-5.3.0-x86_64/lib/gcc/x86_64-unknown-linux-gnu/5.3.0/crtend.o /lib/../lib64/crtn.o
gmake[1]: Leaving directory `/home/hpc/unrz/unrz002h/yask/yaskSite/build/CMakeFiles/CMakeTmp'


Parsed CXX implicit link information from above output:
  link line regex: [^( *|.*[/\])(ld|([^/\]+-)?ld|collect2)[^/\]*( |$)]
  ignore line: [Change Dir: /home/hpc/unrz/unrz002h/yask/yaskSite/build/CMakeFiles/CMakeTmp]
  ignore line: []
  ignore line: [Run Build Command:"/usr/bin/gmake" "cmTC_41c4b/fast"]
  ignore line: [/usr/bin/gmake -f CMakeFiles/cmTC_41c4b.dir/build.make CMakeFiles/cmTC_41c4b.dir/build]
  ignore line: [gmake[1]: Entering directory `/home/hpc/unrz/unrz002h/yask/yaskSite/build/CMakeFiles/CMakeTmp']
  ignore line: [Building CXX object CMakeFiles/cmTC_41c4b.dir/CMakeCXXCompilerABI.cpp.o]
  ignore line: [/apps/intel/ComposerXE2016/compilers_and_libraries_2016.3.210/linux/bin/intel64/icpc      -o CMakeFiles/cmTC_41c4b.dir/CMakeCXXCompilerABI.cpp.o -c /apps/cmake/3.6.0/share/cmake-3.6/Modules/CMakeCXXCompilerABI.cpp]
  ignore line: [Linking CXX executable cmTC_41c4b]
  ignore line: [/apps/cmake/3.6.0/bin/cmake -E cmake_link_script CMakeFiles/cmTC_41c4b.dir/link.txt --verbose=1]
  ignore line: [/apps/intel/ComposerXE2016/compilers_and_libraries_2016.3.210/linux/bin/intel64/icpc       -v CMakeFiles/cmTC_41c4b.dir/CMakeCXXCompilerABI.cpp.o  -o cmTC_41c4b -rdynamic  ]
  ignore line: [icpc version 16.0.3 (gcc version 5.3.0 compatibility)]
  ignore line: [/apps/intel/ComposerXE2016/compilers_and_libraries_2016.3.210/linux/bin/intel64/mcpcom    -mGLOB_em64t=TRUE -mP1OPT_version=16.0-intel64 -mGLOB_diag_file=CMakeFiles/cmTC_41c4b.dir/CMakeCXXCompilerABI.cpp.diag -mP1OPT_print_version=FALSE -mCG_use_gas_got_workaround=F -mP2OPT_align_option_used=TRUE -mGLOB_gcc_version=530 "-mGLOB_options_string=-v -o cmTC_41c4b -rdynamic" -mGLOB_cxx_limited_range=FALSE -mCG_extend_parms=FALSE -mGLOB_compiler_bin_directory=/apps/intel/ComposerXE2016/compilers_and_libraries_2016.3.210/linux/bin/intel64 -mGLOB_as_output_backup_file_name=/tmp/icpcThcb94as_.s -mGLOB_dashboard_use_source_name -mIPOPT_activate -mGLOB_product_id_code=0x22006d8e -mP3OPT_use_mspp_call_convention -mP2OPT_subs_out_of_bound=FALSE -mP2OPT_disam_type_based_disam=2 -mP2OPT_disam_assume_ansi_c -mP2OPT_checked_disam_ansi_alias=TRUE -mGLOB_ansi_alias -mPGOPTI_value_profile_use=T -mGLOB_opt_report_use_source_name -mP2OPT_il0_array_sections=TRUE -mGLOB_offload_mode=1 -mP2OPT_offload_unique_var_string=icpc0101181739228BiPEX4 -mP2OPT_hlo -mP2OPT_hpo_rtt_control=0 -mIPOPT_args_in_regs=0 -mP2OPT_disam_assume_nonstd_intent_in=FALSE -mGLOB_imf_mapping_library=/apps/intel/ComposerXE2016/compilers_and_libraries_2016.3.210/linux/bin/intel64/libiml_attr.so -mPGOPTI_gen_threadsafe_level=0 -mIPOPT_link -mIPOPT_ipo_activate -mIPOPT_mo_activate -mIPOPT_source_files_list=/tmp/icpcslisT5Nq8Z -mIPOPT_mo_global_data -mIPOPT_link_script_file=/tmp/icpcscriptVse9sm "-mIPOPT_cmdline_link="/lib/../lib64/crt1.o" "/lib/../lib64/crti.o" "/apps/gcc/gcc-5.3.0-x86_64/lib/gcc/x86_64-unknown-linux-gnu/5.3.0/crtbegin.o" "-export-dynamic" "--eh-frame-hdr" "--build-id" "-dynamic-linker" "/lib64/ld-linux-x86-64.so.2" "-m" "elf_x86_64" "-o" "cmTC_41c4b" "-L/apps/intel/ComposerXE2016/compilers_and_libraries_2016.3.210/linux/compiler/lib/intel64" "-L/apps/intel/ComposerXE2016/compilers_and_libraries_2016.3.210/linux/compiler/lib/intel64_lin" "-L/apps/intel/ComposerXE2016/compilers_and_libraries_2016.3.210/linux/mkl/lib/intel64" "-L/apps/intel/ComposerXE2016/compilers_and_libraries_2016.3.210/linux/compiler/lib/intel64_lin" "-L/apps/gcc/gcc-5.3.0-x86_64/lib/gcc/x86_64-unknown-linux-gnu/5.3.0/" "-L/apps/gcc/gcc-5.3.0-x86_64/lib/gcc/x86_64-unknown-linux-gnu/5.3.0/../../../../lib64" "-L/apps/gcc/gcc-5.3.0-x86_64/lib/gcc/x86_64-unknown-linux-gnu/5.3.0/../../../../lib64/" "-L/lib/../lib64" "-L/lib/../lib64/" "-L/usr/lib/../lib64" "-L/usr/lib/../lib64/" "-L/apps/intel/ComposerXE2016/compilers_and_libraries_2016.3.210/linux/compiler/lib/intel64/" "-L/apps/intel/ComposerXE2016/compilers_and_libraries_2016.3.210/linux/compiler/lib/intel64_lin/" "-L/apps/intel/ComposerXE2016/compilers_and_libraries_2016.3.210/linux/mkl/lib/intel64/" "-L/apps/gcc/gcc-5.3.0-x86_64/lib/gcc/x86_64-unknown-linux-gnu/5.3.0/../../../" "-L/lib64" "-L/lib/" "-L/usr/lib64" "-L/usr/lib" "CMakeFiles/cmTC_41c4b.dir/CMakeCXXCompilerABI.cpp.o" "-Bdynamic" "-Bstatic" "-limf" "-lsvml" "-lirng" "-Bdynamic" "-lstdc++" "-lm" "-Bstatic" "-lipgo" "-ldecimal" "--as-needed" "-Bdynamic" "-lcilkrts" "--no-as-needed" "-lstdc++" "-lgcc" "-lgcc_s" "-Bstatic" "-lirc" "-lsvml" "-Bdynamic" "-lc" "-lgcc" "-lgcc_s" "-Bstatic" "-lirc_s" "-Bdynamic" "-ldl" "-lc" "/apps/gcc/gcc-5.3.0-x86_64/lib/gcc/x86_64-unknown-linux-gnu/5.3.0/crtend.o" "/lib/../lib64/crtn.o"" -mIPOPT_il_in_obj -mIPOPT_ipo_activate_warn=FALSE -mIPOPT_obj_output_file_name=/tmp/ipo_icpcnpoc8P.o -mIPOPT_whole_archive_fixup_file_name=/tmp/icpcwarch9BCgPG -mGLOB_linker_version=2.25.1 -mGLOB_long_size_64 -mGLOB_routine_pointer_size_64 -mGLOB_driver_tempfile_name=/tmp/icpctempfileRveAd3 -mP3OPT_asm_target=P3OPT_ASM_TARGET_GAS -mGLOB_async_unwind_tables=TRUE -mGLOB_obj_output_file=/tmp/ipo_icpcnpoc8P.o -mGLOB_source_dialect=GLOB_SOURCE_DIALECT_NONE -mP1OPT_source_file_name=ipo_out.c CMakeFiles/cmTC_41c4b.dir/CMakeCXXCompilerABI.cpp.o -mIPOPT_object_files=T -mIPOPT_assembly_files=/tmp/icpcalisLN1ANy -mIPOPT_generated_tempfiles=/tmp/icpcelisLxFi8U -mIPOPT_embedded_object_base_name=/tmp/icpceobjfzw0sh -mIPOPT_cmdline_link_new_name=/tmp/icpcllis9DzIND]
  link line: [ld    /lib/../lib64/crt1.o /lib/../lib64/crti.o /apps/gcc/gcc-5.3.0-x86_64/lib/gcc/x86_64-unknown-linux-gnu/5.3.0/crtbegin.o -export-dynamic --eh-frame-hdr --build-id -dynamic-linker /lib64/ld-linux-x86-64.so.2 -m elf_x86_64 -o cmTC_41c4b -L/apps/intel/ComposerXE2016/compilers_and_libraries_2016.3.210/linux/compiler/lib/intel64 -L/apps/intel/ComposerXE2016/compilers_and_libraries_2016.3.210/linux/compiler/lib/intel64_lin -L/apps/intel/ComposerXE2016/compilers_and_libraries_2016.3.210/linux/mkl/lib/intel64 -L/apps/intel/ComposerXE2016/compilers_and_libraries_2016.3.210/linux/compiler/lib/intel64_lin -L/apps/gcc/gcc-5.3.0-x86_64/lib/gcc/x86_64-unknown-linux-gnu/5.3.0/ -L/apps/gcc/gcc-5.3.0-x86_64/lib/gcc/x86_64-unknown-linux-gnu/5.3.0/../../../../lib64 -L/apps/gcc/gcc-5.3.0-x86_64/lib/gcc/x86_64-unknown-linux-gnu/5.3.0/../../../../lib64/ -L/lib/../lib64 -L/lib/../lib64/ -L/usr/lib/../lib64 -L/usr/lib/../lib64/ -L/apps/intel/ComposerXE2016/compilers_and_libraries_2016.3.210/linux/compiler/lib/intel64/ -L/apps/intel/ComposerXE2016/compilers_and_libraries_2016.3.210/linux/compiler/lib/intel64_lin/ -L/apps/intel/ComposerXE2016/compilers_and_libraries_2016.3.210/linux/mkl/lib/intel64/ -L/apps/gcc/gcc-5.3.0-x86_64/lib/gcc/x86_64-unknown-linux-gnu/5.3.0/../../../ -L/lib64 -L/lib/ -L/usr/lib64 -L/usr/lib CMakeFiles/cmTC_41c4b.dir/CMakeCXXCompilerABI.cpp.o -Bdynamic -Bstatic -limf -lsvml -lirng -Bdynamic -lstdc++ -lm -Bstatic -lipgo -ldecimal --as-needed -Bdynamic -lcilkrts --no-as-needed -lstdc++ -lgcc -lgcc_s -Bstatic -lirc -lsvml -Bdynamic -lc -lgcc -lgcc_s -Bstatic -lirc_s -Bdynamic -ldl -lc /apps/gcc/gcc-5.3.0-x86_64/lib/gcc/x86_64-unknown-linux-gnu/5.3.0/crtend.o /lib/../lib64/crtn.o]
    arg [ld] ==> ignore
    arg [/lib/../lib64/crt1.o] ==> ignore
    arg [/lib/../lib64/crti.o] ==> ignore
    arg [/apps/gcc/gcc-5.3.0-x86_64/lib/gcc/x86_64-unknown-linux-gnu/5.3.0/crtbegin.o] ==> ignore
    arg [-export-dynamic] ==> ignore
    arg [--eh-frame-hdr] ==> ignore
    arg [--build-id] ==> ignore
    arg [-dynamic-linker] ==> ignore
    arg [/lib64/ld-linux-x86-64.so.2] ==> ignore
    arg [-m] ==> ignore
    arg [elf_x86_64] ==> ignore
    arg [-o] ==> ignore
    arg [cmTC_41c4b] ==> ignore
    arg [-L/apps/intel/ComposerXE2016/compilers_and_libraries_2016.3.210/linux/compiler/lib/intel64] ==> dir [/apps/intel/ComposerXE2016/compilers_and_libraries_2016.3.210/linux/compiler/lib/intel64]
    arg [-L/apps/intel/ComposerXE2016/compilers_and_libraries_2016.3.210/linux/compiler/lib/intel64_lin] ==> dir [/apps/intel/ComposerXE2016/compilers_and_libraries_2016.3.210/linux/compiler/lib/intel64_lin]
    arg [-L/apps/intel/ComposerXE2016/compilers_and_libraries_2016.3.210/linux/mkl/lib/intel64] ==> dir [/apps/intel/ComposerXE2016/compilers_and_libraries_2016.3.210/linux/mkl/lib/intel64]
    arg [-L/apps/intel/ComposerXE2016/compilers_and_libraries_2016.3.210/linux/compiler/lib/intel64_lin] ==> dir [/apps/intel/ComposerXE2016/compilers_and_libraries_2016.3.210/linux/compiler/lib/intel64_lin]
    arg [-L/apps/gcc/gcc-5.3.0-x86_64/lib/gcc/x86_64-unknown-linux-gnu/5.3.0/] ==> dir [/apps/gcc/gcc-5.3.0-x86_64/lib/gcc/x86_64-unknown-linux-gnu/5.3.0/]
    arg [-L/apps/gcc/gcc-5.3.0-x86_64/lib/gcc/x86_64-unknown-linux-gnu/5.3.0/../../../../lib64] ==> dir [/apps/gcc/gcc-5.3.0-x86_64/lib/gcc/x86_64-unknown-linux-gnu/5.3.0/../../../../lib64]
    arg [-L/apps/gcc/gcc-5.3.0-x86_64/lib/gcc/x86_64-unknown-linux-gnu/5.3.0/../../../../lib64/] ==> dir [/apps/gcc/gcc-5.3.0-x86_64/lib/gcc/x86_64-unknown-linux-gnu/5.3.0/../../../../lib64/]
    arg [-L/lib/../lib64] ==> dir [/lib/../lib64]
    arg [-L/lib/../lib64/] ==> dir [/lib/../lib64/]
    arg [-L/usr/lib/../lib64] ==> dir [/usr/lib/../lib64]
    arg [-L/usr/lib/../lib64/] ==> dir [/usr/lib/../lib64/]
    arg [-L/apps/intel/ComposerXE2016/compilers_and_libraries_2016.3.210/linux/compiler/lib/intel64/] ==> dir [/apps/intel/ComposerXE2016/compilers_and_libraries_2016.3.210/linux/compiler/lib/intel64/]
    arg [-L/apps/intel/ComposerXE2016/compilers_and_libraries_2016.3.210/linux/compiler/lib/intel64_lin/] ==> dir [/apps/intel/ComposerXE2016/compilers_and_libraries_2016.3.210/linux/compiler/lib/intel64_lin/]
    arg [-L/apps/intel/ComposerXE2016/compilers_and_libraries_2016.3.210/linux/mkl/lib/intel64/] ==> dir [/apps/intel/ComposerXE2016/compilers_and_libraries_2016.3.210/linux/mkl/lib/intel64/]
    arg [-L/apps/gcc/gcc-5.3.0-x86_64/lib/gcc/x86_64-unknown-linux-gnu/5.3.0/../../../] ==> dir [/apps/gcc/gcc-5.3.0-x86_64/lib/gcc/x86_64-unknown-linux-gnu/5.3.0/../../../]
    arg [-L/lib64] ==> dir [/lib64]
    arg [-L/lib/] ==> dir [/lib/]
    arg [-L/usr/lib64] ==> dir [/usr/lib64]
    arg [-L/usr/lib] ==> dir [/usr/lib]
    arg [CMakeFiles/cmTC_41c4b.dir/CMakeCXXCompilerABI.cpp.o] ==> ignore
    arg [-Bdynamic] ==> ignore
    arg [-Bstatic] ==> ignore
    arg [-limf] ==> lib [imf]
    arg [-lsvml] ==> lib [svml]
    arg [-lirng] ==> lib [irng]
    arg [-Bdynamic] ==> ignore
    arg [-lstdc++] ==> lib [stdc++]
    arg [-lm] ==> lib [m]
    arg [-Bstatic] ==> ignore
    arg [-lipgo] ==> lib [ipgo]
    arg [-ldecimal] ==> lib [decimal]
    arg [--as-needed] ==> ignore
    arg [-Bdynamic] ==> ignore
    arg [-lcilkrts] ==> lib [cilkrts]
    arg [--no-as-needed] ==> ignore
    arg [-lstdc++] ==> lib [stdc++]
    arg [-lgcc] ==> lib [gcc]
    arg [-lgcc_s] ==> lib [gcc_s]
    arg [-Bstatic] ==> ignore
    arg [-lirc] ==> lib [irc]
    arg [-lsvml] ==> lib [svml]
    arg [-Bdynamic] ==> ignore
    arg [-lc] ==> lib [c]
    arg [-lgcc] ==> lib [gcc]
    arg [-lgcc_s] ==> lib [gcc_s]
    arg [-Bstatic] ==> ignore
    arg [-lirc_s] ==> lib [irc_s]
    arg [-Bdynamic] ==> ignore
    arg [-ldl] ==> lib [dl]
    arg [-lc] ==> lib [c]
    arg [/apps/gcc/gcc-5.3.0-x86_64/lib/gcc/x86_64-unknown-linux-gnu/5.3.0/crtend.o] ==> ignore
    arg [/lib/../lib64/crtn.o] ==> ignore
  remove lib [gcc]
  remove lib [gcc_s]
  remove lib [gcc]
  remove lib [gcc_s]
  collapse library dir [/apps/intel/ComposerXE2016/compilers_and_libraries_2016.3.210/linux/compiler/lib/intel64] ==> [/apps/intel/ComposerXE2016/compilers_and_libraries_2016.3.210/linux/compiler/lib/intel64]
  collapse library dir [/apps/intel/ComposerXE2016/compilers_and_libraries_2016.3.210/linux/compiler/lib/intel64_lin] ==> [/apps/intel/ComposerXE2016/compilers_and_libraries_2016.3.210/linux/compiler/lib/intel64_lin]
  collapse library dir [/apps/intel/ComposerXE2016/compilers_and_libraries_2016.3.210/linux/mkl/lib/intel64] ==> [/apps/intel/ComposerXE2016/compilers_and_libraries_2016.3.210/linux/mkl/lib/intel64]
  collapse library dir [/apps/intel/ComposerXE2016/compilers_and_libraries_2016.3.210/linux/compiler/lib/intel64_lin] ==> [/apps/intel/ComposerXE2016/compilers_and_libraries_2016.3.210/linux/compiler/lib/intel64_lin]
  collapse library dir [/apps/gcc/gcc-5.3.0-x86_64/lib/gcc/x86_64-unknown-linux-gnu/5.3.0/] ==> [/apps/gcc/gcc-5.3.0-x86_64/lib/gcc/x86_64-unknown-linux-gnu/5.3.0]
  collapse library dir [/apps/gcc/gcc-5.3.0-x86_64/lib/gcc/x86_64-unknown-linux-gnu/5.3.0/../../../../lib64] ==> [/apps/gcc/gcc-5.3.0-x86_64/lib64]
  collapse library dir [/apps/gcc/gcc-5.3.0-x86_64/lib/gcc/x86_64-unknown-linux-gnu/5.3.0/../../../../lib64/] ==> [/apps/gcc/gcc-5.3.0-x86_64/lib64]
  collapse library dir [/lib/../lib64] ==> [/lib64]
  collapse library dir [/lib/../lib64/] ==> [/lib64]
  collapse library dir [/usr/lib/../lib64] ==> [/usr/lib64]
  collapse library dir [/usr/lib/../lib64/] ==> [/usr/lib64]
  collapse library dir [/apps/intel/ComposerXE2016/compilers_and_libraries_2016.3.210/linux/compiler/lib/intel64/] ==> [/apps/intel/ComposerXE2016/compilers_and_libraries_2016.3.210/linux/compiler/lib/intel64]
  collapse library dir [/apps/intel/ComposerXE2016/compilers_and_libraries_2016.3.210/linux/compiler/lib/intel64_lin/] ==> [/apps/intel/ComposerXE2016/compilers_and_libraries_2016.3.210/linux/compiler/lib/intel64_lin]
  collapse library dir [/apps/intel/ComposerXE2016/compilers_and_libraries_2016.3.210/linux/mkl/lib/intel64/] ==> [/apps/intel/ComposerXE2016/compilers_and_libraries_2016.3.210/linux/mkl/lib/intel64]
  collapse library dir [/apps/gcc/gcc-5.3.0-x86_64/lib/gcc/x86_64-unknown-linux-gnu/5.3.0/../../../] ==> [/apps/gcc/gcc-5.3.0-x86_64/lib]
  collapse library dir [/lib64] ==> [/lib64]
  collapse library dir [/lib/] ==> [/lib]
  collapse library dir [/usr/lib64] ==> [/usr/lib64]
  collapse library dir [/usr/lib] ==> [/usr/lib]
  implicit libs: [imf;svml;irng;stdc++;m;ipgo;decimal;cilkrts;stdc++;irc;svml;c;irc_s;dl;c]
  implicit dirs: [/apps/intel/ComposerXE2016/compilers_and_libraries_2016.3.210/linux/compiler/lib/intel64;/apps/intel/ComposerXE2016/compilers_and_libraries_2016.3.210/linux/compiler/lib/intel64_lin;/apps/intel/ComposerXE2016/compilers_and_libraries_2016.3.210/linux/mkl/lib/intel64;/apps/gcc/gcc-5.3.0-x86_64/lib/gcc/x86_64-unknown-linux-gnu/5.3.0;/apps/gcc/gcc-5.3.0-x86_64/lib64;/lib64;/usr/lib64;/apps/gcc/gcc-5.3.0-x86_64/lib;/lib;/usr/lib]
  implicit fwks: []




Detecting CXX [-std=c++14] compiler features compiled with the following output:
Change Dir: /home/hpc/unrz/unrz002h/yask/yaskSite/build/CMakeFiles/CMakeTmp

Run Build Command:"/usr/bin/gmake" "cmTC_e033f/fast"
/usr/bin/gmake -f CMakeFiles/cmTC_e033f.dir/build.make CMakeFiles/cmTC_e033f.dir/build
gmake[1]: Entering directory `/home/hpc/unrz/unrz002h/yask/yaskSite/build/CMakeFiles/CMakeTmp'
Building CXX object CMakeFiles/cmTC_e033f.dir/feature_tests.cxx.o
/apps/intel/ComposerXE2016/compilers_and_libraries_2016.3.210/linux/bin/intel64/icpc     -std=c++14 -o CMakeFiles/cmTC_e033f.dir/feature_tests.cxx.o -c /home/hpc/unrz/unrz002h/yask/yaskSite/build/CMakeFiles/feature_tests.cxx
Linking CXX executable cmTC_e033f
/apps/cmake/3.6.0/bin/cmake -E cmake_link_script CMakeFiles/cmTC_e033f.dir/link.txt --verbose=1
/apps/intel/ComposerXE2016/compilers_and_libraries_2016.3.210/linux/bin/intel64/icpc        CMakeFiles/cmTC_e033f.dir/feature_tests.cxx.o  -o cmTC_e033f -rdynamic 
gmake[1]: Leaving directory `/home/hpc/unrz/unrz002h/yask/yaskSite/build/CMakeFiles/CMakeTmp'


    Feature record: CXX_FEATURE:1cxx_aggregate_default_initializers
    Feature record: CXX_FEATURE:1cxx_alias_templates
    Feature record: CXX_FEATURE:1cxx_alignas
    Feature record: CXX_FEATURE:1cxx_alignof
    Feature record: CXX_FEATURE:1cxx_attributes
    Feature record: CXX_FEATURE:1cxx_attribute_deprecated
    Feature record: CXX_FEATURE:1cxx_auto_type
    Feature record: CXX_FEATURE:1cxx_binary_literals
    Feature record: CXX_FEATURE:1cxx_constexpr
    Feature record: CXX_FEATURE:1cxx_contextual_conversions
    Feature record: CXX_FEATURE:1cxx_decltype
    Feature record: CXX_FEATURE:1cxx_decltype_auto
    Feature record: CXX_FEATURE:1cxx_decltype_incomplete_return_types
    Feature record: CXX_FEATURE:1cxx_default_function_template_args
    Feature record: CXX_FEATURE:1cxx_defaulted_functions
    Feature record: CXX_FEATURE:1cxx_defaulted_move_initializers
    Feature record: CXX_FEATURE:1cxx_delegating_constructors
    Feature record: CXX_FEATURE:1cxx_deleted_functions
    Feature record: CXX_FEATURE:1cxx_digit_separators
    Feature record: CXX_FEATURE:1cxx_enum_forward_declarations
    Feature record: CXX_FEATURE:1cxx_explicit_conversions
    Feature record: CXX_FEATURE:1cxx_extended_friend_declarations
    Feature record: CXX_FEATURE:1cxx_extern_templates
    Feature record: CXX_FEATURE:1cxx_final
    Feature record: CXX_FEATURE:1cxx_func_identifier
    Feature record: CXX_FEATURE:1cxx_generic_lambdas
    Feature record: CXX_FEATURE:1cxx_inheriting_constructors
    Feature record: CXX_FEATURE:1cxx_inline_namespaces
    Feature record: CXX_FEATURE:1cxx_lambdas
    Feature record: CXX_FEATURE:1cxx_lambda_init_captures
    Feature record: CXX_FEATURE:1cxx_local_type_template_args
    Feature record: CXX_FEATURE:1cxx_long_long_type
    Feature record: CXX_FEATURE:1cxx_noexcept
    Feature record: CXX_FEATURE:1cxx_nonstatic_member_init
    Feature record: CXX_FEATURE:1cxx_nullptr
    Feature record: CXX_FEATURE:1cxx_override
    Feature record: CXX_FEATURE:1cxx_range_for
    Feature record: CXX_FEATURE:1cxx_raw_string_literals
    Feature record: CXX_FEATURE:1cxx_reference_qualified_functions
    Feature record: CXX_FEATURE:1cxx_return_type_deduction
    Feature record: CXX_FEATURE:1cxx_right_angle_brackets
    Feature record: CXX_FEATURE:1cxx_rvalue_references
    Feature record: CXX_FEATURE:1cxx_sizeof_member
    Feature record: CXX_FEATURE:1cxx_static_assert
    Feature record: CXX_FEATURE:1cxx_strong_enums
    Feature record: CXX_FEATURE:1cxx_template_template_parameters
    Feature record: CXX_FEATURE:1cxx_thread_local
    Feature record: CXX_FEATURE:1cxx_trailing_return_types
    Feature record: CXX_FEATURE:1cxx_unicode_literals
    Feature record: CXX_FEATURE:1cxx_uniform_initialization
    Feature record: CXX_FEATURE:1cxx_unrestricted_unions
    Feature record: CXX_FEATURE:1cxx_user_literals
    Feature record: CXX_FEATURE:1cxx_variadic_macros
    Feature record: CXX_FEATURE:1cxx_variadic_templates


Detecting CXX [-std=c++11] compiler features compiled with the following output:
Change Dir: /home/hpc/unrz/unrz002h/yask/yaskSite/build/CMakeFiles/CMakeTmp

Run Build Command:"/usr/bin/gmake" "cmTC_8b222/fast"
/usr/bin/gmake -f CMakeFiles/cmTC_8b222.dir/build.make CMakeFiles/cmTC_8b222.dir/build
gmake[1]: Entering directory `/home/hpc/unrz/unrz002h/yask/yaskSite/build/CMakeFiles/CMakeTmp'
Building CXX object CMakeFiles/cmTC_8b222.dir/feature_tests.cxx.o
/apps/intel/ComposerXE2016/compilers_and_libraries_2016.3.210/linux/bin/intel64/icpc     -std=c++11 -o CMakeFiles/cmTC_8b222.dir/feature_tests.cxx.o -c /home/hpc/unrz/unrz002h/yask/yaskSite/build/CMakeFiles/feature_tests.cxx
Linking CXX executable cmTC_8b222
/apps/cmake/3.6.0/bin/cmake -E cmake_link_script CMakeFiles/cmTC_8b222.dir/link.txt --verbose=1
/apps/intel/ComposerXE2016/compilers_and_libraries_2016.3.210/linux/bin/intel64/icpc        CMakeFiles/cmTC_8b222.dir/feature_tests.cxx.o  -o cmTC_8b222 -rdynamic 
gmake[1]: Leaving directory `/home/hpc/unrz/unrz002h/yask/yaskSite/build/CMakeFiles/CMakeTmp'


    Feature record: CXX_FEATURE:0cxx_aggregate_default_initializers
    Feature record: CXX_FEATURE:1cxx_alias_templates
    Feature record: CXX_FEATURE:1cxx_alignas
    Feature record: CXX_FEATURE:1cxx_alignof
    Feature record: CXX_FEATURE:1cxx_attributes
    Feature record: CXX_FEATURE:0cxx_attribute_deprecated
    Feature record: CXX_FEATURE:1cxx_auto_type
    Feature record: CXX_FEATURE:1cxx_binary_literals
    Feature record: CXX_FEATURE:1cxx_constexpr
    Feature record: CXX_FEATURE:0cxx_contextual_conversions
    Feature record: CXX_FEATURE:1cxx_decltype
    Feature record: CXX_FEATURE:0cxx_decltype_auto
    Feature record: CXX_FEATURE:1cxx_decltype_incomplete_return_types
    Feature record: CXX_FEATURE:1cxx_default_function_template_args
    Feature record: CXX_FEATURE:1cxx_defaulted_functions
    Feature record: CXX_FEATURE:1cxx_defaulted_move_initializers
    Feature record: CXX_FEATURE:1cxx_delegating_constructors
    Feature record: CXX_FEATURE:1cxx_deleted_functions
    Feature record: CXX_FEATURE:0cxx_digit_separators
    Feature record: CXX_FEATURE:1cxx_enum_forward_declarations
    Feature record: CXX_FEATURE:1cxx_explicit_conversions
    Feature record: CXX_FEATURE:1cxx_extended_friend_declarations
    Feature record: CXX_FEATURE:1cxx_extern_templates
    Feature record: CXX_FEATURE:1cxx_final
    Feature record: CXX_FEATURE:1cxx_func_identifier
    Feature record: CXX_FEATURE:0cxx_generic_lambdas
    Feature record: CXX_FEATURE:1cxx_inheriting_constructors
    Feature record: CXX_FEATURE:1cxx_inline_namespaces
    Feature record: CXX_FEATURE:1cxx_lambdas
    Feature record: CXX_FEATURE:0cxx_lambda_init_captures
    Feature record: CXX_FEATURE:1cxx_local_type_template_args
    Feature record: CXX_FEATURE:1cxx_long_long_type
    Feature record: CXX_FEATURE:1cxx_noexcept
    Feature record: CXX_FEATURE:1cxx_nonstatic_member_init
    Feature record: CXX_FEATURE:1cxx_nullptr
    Feature record: CXX_FEATURE:1cxx_override
    Feature record: CXX_FEATURE:1cxx_range_for
    Feature record: CXX_FEATURE:1cxx_raw_string_literals
    Feature record: CXX_FEATURE:1cxx_reference_qualified_functions
    Feature record: CXX_FEATURE:0cxx_return_type_deduction
    Feature record: CXX_FEATURE:1cxx_right_angle_brackets
    Feature record: CXX_FEATURE:1cxx_rvalue_references
    Feature record: CXX_FEATURE:1cxx_sizeof_member
    Feature record: CXX_FEATURE:1cxx_static_assert
    Feature record: CXX_FEATURE:1cxx_strong_enums
    Feature record: CXX_FEATURE:1cxx_template_template_parameters
    Feature record: CXX_FEATURE:1cxx_thread_local
    Feature record: CXX_FEATURE:1cxx_trailing_return_types
    Feature record: CXX_FEATURE:1cxx_unicode_literals
    Feature record: CXX_FEATURE:1cxx_uniform_initialization
    Feature record: CXX_FEATURE:1cxx_unrestricted_unions
    Feature record: CXX_FEATURE:1cxx_user_literals
    Feature record: CXX_FEATURE:1cxx_variadic_macros
    Feature record: CXX_FEATURE:1cxx_variadic_templates


Detecting CXX [-std=c++98] compiler features compiled with the following output:
Change Dir: /home/hpc/unrz/unrz002h/yask/yaskSite/build/CMakeFiles/CMakeTmp

Run Build Command:"/usr/bin/gmake" "cmTC_48150/fast"
/usr/bin/gmake -f CMakeFiles/cmTC_48150.dir/build.make CMakeFiles/cmTC_48150.dir/build
gmake[1]: Entering directory `/home/hpc/unrz/unrz002h/yask/yaskSite/build/CMakeFiles/CMakeTmp'
Building CXX object CMakeFiles/cmTC_48150.dir/feature_tests.cxx.o
/apps/intel/ComposerXE2016/compilers_and_libraries_2016.3.210/linux/bin/intel64/icpc     -std=c++98 -o CMakeFiles/cmTC_48150.dir/feature_tests.cxx.o -c /home/hpc/unrz/unrz002h/yask/yaskSite/build/CMakeFiles/feature_tests.cxx
Linking CXX executable cmTC_48150
/apps/cmake/3.6.0/bin/cmake -E cmake_link_script CMakeFiles/cmTC_48150.dir/link.txt --verbose=1
/apps/intel/ComposerXE2016/compilers_and_libraries_2016.3.210/linux/bin/intel64/icpc        CMakeFiles/cmTC_48150.dir/feature_tests.cxx.o  -o cmTC_48150 -rdynamic 
gmake[1]: Leaving directory `/home/hpc/unrz/unrz002h/yask/yaskSite/build/CMakeFiles/CMakeTmp'


    Feature record: CXX_FEATURE:0cxx_aggregate_default_initializers
    Feature record: CXX_FEATURE:0cxx_alias_templates
    Feature record: CXX_FEATURE:0cxx_alignas
    Feature record: CXX_FEATURE:0cxx_alignof
    Feature record: CXX_FEATURE:0cxx_attributes
    Feature record: CXX_FEATURE:0cxx_attribute_deprecated
    Feature record: CXX_FEATURE:0cxx_auto_type
    Feature record: CXX_FEATURE:0cxx_binary_literals
    Feature record: CXX_FEATURE:0cxx_constexpr
    Feature record: CXX_FEATURE:0cxx_contextual_conversions
    Feature record: CXX_FEATURE:0cxx_decltype
    Feature record: CXX_FEATURE:0cxx_decltype_auto
    Feature record: CXX_FEATURE:0cxx_decltype_incomplete_return_types
    Feature record: CXX_FEATURE:0cxx_default_function_template_args
    Feature record: CXX_FEATURE:0cxx_defaulted_functions
    Feature record: CXX_FEATURE:0cxx_defaulted_move_initializers
    Feature record: CXX_FEATURE:0cxx_delegating_constructors
    Feature record: CXX_FEATURE:0cxx_deleted_functions
    Feature record: CXX_FEATURE:0cxx_digit_separators
    Feature record: CXX_FEATURE:0cxx_enum_forward_declarations
    Feature record: CXX_FEATURE:0cxx_explicit_conversions
    Feature record: CXX_FEATURE:0cxx_extended_friend_declarations
    Feature record: CXX_FEATURE:0cxx_extern_templates
    Feature record: CXX_FEATURE:0cxx_final
    Feature record: CXX_FEATURE:0cxx_func_identifier
    Feature record: CXX_FEATURE:0cxx_generic_lambdas
    Feature record: CXX_FEATURE:0cxx_inheriting_constructors
    Feature record: CXX_FEATURE:0cxx_inline_namespaces
    Feature record: CXX_FEATURE:0cxx_lambdas
    Feature record: CXX_FEATURE:0cxx_lambda_init_captures
    Feature record: CXX_FEATURE:0cxx_local_type_template_args
    Feature record: CXX_FEATURE:0cxx_long_long_type
    Feature record: CXX_FEATURE:0cxx_noexcept
    Feature record: CXX_FEATURE:0cxx_nonstatic_member_init
    Feature record: CXX_FEATURE:0cxx_nullptr
    Feature record: CXX_FEATURE:0cxx_override
    Feature record: CXX_FEATURE:0cxx_range_for
    Feature record: CXX_FEATURE:0cxx_raw_string_literals
    Feature record: CXX_FEATURE:0cxx_reference_qualified_functions
    Feature record: CXX_FEATURE:0cxx_return_type_deduction
    Feature record: CXX_FEATURE:0cxx_right_angle_brackets
    Feature record: CXX_FEATURE:0cxx_rvalue_references
    Feature record: CXX_FEATURE:0cxx_sizeof_member
    Feature record: CXX_FEATURE:0cxx_static_assert
    Feature record: CXX_FEATURE:0cxx_strong_enums
    Feature record: CXX_FEATURE:0cxx_template_template_parameters
    Feature record: CXX_FEATURE:0cxx_thread_local
    Feature record: CXX_FEATURE:0cxx_trailing_return_types
    Feature record: CXX_FEATURE:0cxx_unicode_literals
    Feature record: CXX_FEATURE:0cxx_uniform_initialization
    Feature record: CXX_FEATURE:0cxx_unrestricted_unions
    Feature record: CXX_FEATURE:0cxx_user_literals
    Feature record: CXX_FEATURE:0cxx_variadic_macros
    Feature record: CXX_FEATURE:0cxx_variadic_templates
Performing C SOURCE FILE Test OpenMP_FLAG_DETECTED succeeded with the following output:
Change Dir: /home/hpc/unrz/unrz002h/yask/yaskSite/build/CMakeFiles/CMakeTmp

Run Build Command:"/usr/bin/gmake" "cmTC_ad10c/fast"
/usr/bin/gmake -f CMakeFiles/cmTC_ad10c.dir/build.make CMakeFiles/cmTC_ad10c.dir/build
gmake[1]: Entering directory `/home/hpc/unrz/unrz002h/yask/yaskSite/build/CMakeFiles/CMakeTmp'
Building C object CMakeFiles/cmTC_ad10c.dir/src.c.o
/apps/intel/ComposerXE2016/compilers_and_libraries_2016.3.210/linux/bin/intel64/icc    -DOpenMP_FLAG_DETECTED -qopenmp   -o CMakeFiles/cmTC_ad10c.dir/src.c.o   -c /home/hpc/unrz/unrz002h/yask/yaskSite/build/CMakeFiles/CMakeTmp/src.c
Linking C executable cmTC_ad10c
/apps/cmake/3.6.0/bin/cmake -E cmake_link_script CMakeFiles/cmTC_ad10c.dir/link.txt --verbose=1
/apps/intel/ComposerXE2016/compilers_and_libraries_2016.3.210/linux/bin/intel64/icc   -DOpenMP_FLAG_DETECTED -qopenmp    CMakeFiles/cmTC_ad10c.dir/src.c.o  -o cmTC_ad10c -rdynamic 
gmake[1]: Leaving directory `/home/hpc/unrz/unrz002h/yask/yaskSite/build/CMakeFiles/CMakeTmp'

Source file was:

#include <omp.h>
int main() {
#ifdef _OPENMP
  return 0;
#else
  breaks_on_purpose
#endif
}

Performing C++ SOURCE FILE Test OpenMP_FLAG_DETECTED succeeded with the following output:
Change Dir: /home/hpc/unrz/unrz002h/yask/yaskSite/build/CMakeFiles/CMakeTmp

Run Build Command:"/usr/bin/gmake" "cmTC_0d6f3/fast"
/usr/bin/gmake -f CMakeFiles/cmTC_0d6f3.dir/build.make CMakeFiles/cmTC_0d6f3.dir/build
gmake[1]: Entering directory `/home/hpc/unrz/unrz002h/yask/yaskSite/build/CMakeFiles/CMakeTmp'
Building CXX object CMakeFiles/cmTC_0d6f3.dir/src.cxx.o
/apps/intel/ComposerXE2016/compilers_and_libraries_2016.3.210/linux/bin/intel64/icpc     -DOpenMP_FLAG_DETECTED -qopenmp   -o CMakeFiles/cmTC_0d6f3.dir/src.cxx.o -c /home/hpc/unrz/unrz002h/yask/yaskSite/build/CMakeFiles/CMakeTmp/src.cxx
Linking CXX executable cmTC_0d6f3
/apps/cmake/3.6.0/bin/cmake -E cmake_link_script CMakeFiles/cmTC_0d6f3.dir/link.txt --verbose=1
/apps/intel/ComposerXE2016/compilers_and_libraries_2016.3.210/linux/bin/intel64/icpc    -DOpenMP_FLAG_DETECTED -qopenmp    CMakeFiles/cmTC_0d6f3.dir/src.cxx.o  -o cmTC_0d6f3 -rdynamic 
gmake[1]: Leaving directory `/home/hpc/unrz/unrz002h/yask/yaskSite/build/CMakeFiles/CMakeTmp'

Source file was:

#include <omp.h>
int main() {
#ifdef _OPENMP
  return 0;
#else
  breaks_on_purpose
#endif
}

Performing C SOURCE FILE Test OpenMP_FLAG_DETECTED succeeded with the following output:
Change Dir: /home/hpc/unrz/unrz002h/yask/yaskSite/build/CMakeFiles/CMakeTmp

Run Build Command:"/usr/bin/gmake" "cmTC_ef4f8/fast"
gmake[1]: Entering directory `/home/hpc/unrz/unrz002h/yask/yaskSite/build/CMakeFiles/CMakeTmp'
/usr/bin/gmake -f CMakeFiles/cmTC_ef4f8.dir/build.make CMakeFiles/cmTC_ef4f8.dir/build
gmake[2]: Entering directory `/home/hpc/unrz/unrz002h/yask/yaskSite/build/CMakeFiles/CMakeTmp'
Building C object CMakeFiles/cmTC_ef4f8.dir/src.c.o
/apps/intel/ComposerXE2016/compilers_and_libraries_2016.3.210/linux/bin/intel64/icc    -DOpenMP_FLAG_DETECTED -qopenmp   -o CMakeFiles/cmTC_ef4f8.dir/src.c.o   -c /home/hpc/unrz/unrz002h/yask/yaskSite/build/CMakeFiles/CMakeTmp/src.c
Linking C executable cmTC_ef4f8
/apps/cmake/3.6.0/bin/cmake -E cmake_link_script CMakeFiles/cmTC_ef4f8.dir/link.txt --verbose=1
/apps/intel/ComposerXE2016/compilers_and_libraries_2016.3.210/linux/bin/intel64/icc   -DOpenMP_FLAG_DETECTED -qopenmp    CMakeFiles/cmTC_ef4f8.dir/src.c.o  -o cmTC_ef4f8 -rdynamic 
gmake[2]: Leaving directory `/home/hpc/unrz/unrz002h/yask/yaskSite/build/CMakeFiles/CMakeTmp'
gmake[1]: Leaving directory `/home/hpc/unrz/unrz002h/yask/yaskSite/build/CMakeFiles/CMakeTmp'

Source file was:

#include <omp.h>
int main() {
#ifdef _OPENMP
  return 0;
#else
  breaks_on_purpose
#endif
}

Performing C++ SOURCE FILE Test OpenMP_FLAG_DETECTED succeeded with the following output:
Change Dir: /home/hpc/unrz/unrz002h/yask/yaskSite/build/CMakeFiles/CMakeTmp

Run Build Command:"/usr/bin/gmake" "cmTC_a64f2/fast"
gmake[1]: Entering directory `/home/hpc/unrz/unrz002h/yask/yaskSite/build/CMakeFiles/CMakeTmp'
/usr/bin/gmake -f CMakeFiles/cmTC_a64f2.dir/build.make CMakeFiles/cmTC_a64f2.dir/build
gmake[2]: Entering directory `/home/hpc/unrz/unrz002h/yask/yaskSite/build/CMakeFiles/CMakeTmp'
Building CXX object CMakeFiles/cmTC_a64f2.dir/src.cxx.o
/apps/intel/ComposerXE2016/compilers_and_libraries_2016.3.210/linux/bin/intel64/icpc     -DOpenMP_FLAG_DETECTED -qopenmp   -o CMakeFiles/cmTC_a64f2.dir/src.cxx.o -c /home/hpc/unrz/unrz002h/yask/yaskSite/build/CMakeFiles/CMakeTmp/src.cxx
Linking CXX executable cmTC_a64f2
/apps/cmake/3.6.0/bin/cmake -E cmake_link_script CMakeFiles/cmTC_a64f2.dir/link.txt --verbose=1
/apps/intel/ComposerXE2016/compilers_and_libraries_2016.3.210/linux/bin/intel64/icpc    -DOpenMP_FLAG_DETECTED -qopenmp    CMakeFiles/cmTC_a64f2.dir/src.cxx.o  -o cmTC_a64f2 -rdynamic 
gmake[2]: Leaving directory `/home/hpc/unrz/unrz002h/yask/yaskSite/build/CMakeFiles/CMakeTmp'
gmake[1]: Leaving directory `/home/hpc/unrz/unrz002h/yask/yaskSite/build/CMakeFiles/CMakeTmp'

Source file was:

#include <omp.h>
int main() {
#ifdef _OPENMP
  return 0;
#else
  breaks_on_purpose
#endif
}

Performing C SOURCE FILE Test OpenMP_FLAG_DETECTED succeeded with the following output:
Change Dir: /home/hpc/unrz/unrz002h/yask/yaskSite/build/CMakeFiles/CMakeTmp

Run Build Command:"/usr/bin/gmake" "cmTC_e14f9/fast"
gmake[1]: Entering directory `/home/hpc/unrz/unrz002h/yask/yaskSite/build/CMakeFiles/CMakeTmp'
/usr/bin/gmake -f CMakeFiles/cmTC_e14f9.dir/build.make CMakeFiles/cmTC_e14f9.dir/build
gmake[2]: Entering directory `/home/hpc/unrz/unrz002h/yask/yaskSite/build/CMakeFiles/CMakeTmp'
Building C object CMakeFiles/cmTC_e14f9.dir/src.c.o
/apps/intel/ComposerXE2016/compilers_and_libraries_2016.3.210/linux/bin/intel64/icc    -DOpenMP_FLAG_DETECTED -qopenmp   -o CMakeFiles/cmTC_e14f9.dir/src.c.o   -c /home/hpc/unrz/unrz002h/yask/yaskSite/build/CMakeFiles/CMakeTmp/src.c
Linking C executable cmTC_e14f9
/apps/cmake/3.6.0/bin/cmake -E cmake_link_script CMakeFiles/cmTC_e14f9.dir/link.txt --verbose=1
/apps/intel/ComposerXE2016/compilers_and_libraries_2016.3.210/linux/bin/intel64/icc   -DOpenMP_FLAG_DETECTED -qopenmp    CMakeFiles/cmTC_e14f9.dir/src.c.o  -o cmTC_e14f9 -rdynamic 
gmake[2]: Leaving directory `/home/hpc/unrz/unrz002h/yask/yaskSite/build/CMakeFiles/CMakeTmp'
gmake[1]: Leaving directory `/home/hpc/unrz/unrz002h/yask/yaskSite/build/CMakeFiles/CMakeTmp'

Source file was:

#include <omp.h>
int main() {
#ifdef _OPENMP
  return 0;
#else
  breaks_on_purpose
#endif
}

Performing C++ SOURCE FILE Test OpenMP_FLAG_DETECTED succeeded with the following output:
Change Dir: /home/hpc/unrz/unrz002h/yask/yaskSite/build/CMakeFiles/CMakeTmp

Run Build Command:"/usr/bin/gmake" "cmTC_15e91/fast"
gmake[1]: Entering directory `/home/hpc/unrz/unrz002h/yask/yaskSite/build/CMakeFiles/CMakeTmp'
/usr/bin/gmake -f CMakeFiles/cmTC_15e91.dir/build.make CMakeFiles/cmTC_15e91.dir/build
gmake[2]: Entering directory `/home/hpc/unrz/unrz002h/yask/yaskSite/build/CMakeFiles/CMakeTmp'
Building CXX object CMakeFiles/cmTC_15e91.dir/src.cxx.o
/apps/intel/ComposerXE2016/compilers_and_libraries_2016.3.210/linux/bin/intel64/icpc     -DOpenMP_FLAG_DETECTED -qopenmp   -o CMakeFiles/cmTC_15e91.dir/src.cxx.o -c /home/hpc/unrz/unrz002h/yask/yaskSite/build/CMakeFiles/CMakeTmp/src.cxx
Linking CXX executable cmTC_15e91
/apps/cmake/3.6.0/bin/cmake -E cmake_link_script CMakeFiles/cmTC_15e91.dir/link.txt --verbose=1
/apps/intel/ComposerXE2016/compilers_and_libraries_2016.3.210/linux/bin/intel64/icpc    -DOpenMP_FLAG_DETECTED -qopenmp    CMakeFiles/cmTC_15e91.dir/src.cxx.o  -o cmTC_15e91 -rdynamic 
gmake[2]: Leaving directory `/home/hpc/unrz/unrz002h/yask/yaskSite/build/CMakeFiles/CMakeTmp'
gmake[1]: Leaving directory `/home/hpc/unrz/unrz002h/yask/yaskSite/build/CMakeFiles/CMakeTmp'

Source file was:

#include <omp.h>
int main() {
#ifdef _OPENMP
  return 0;
#else
  breaks_on_purpose
#endif
}

Performing C SOURCE FILE Test OpenMP_FLAG_DETECTED succeeded with the following output:
Change Dir: /home/hpc/unrz/unrz002h/yask/yaskSite/build/CMakeFiles/CMakeTmp

Run Build Command:"/usr/bin/gmake" "cmTC_31908/fast"
gmake[1]: Entering directory `/home/hpc/unrz/unrz002h/yask/yaskSite/build/CMakeFiles/CMakeTmp'
/usr/bin/gmake -f CMakeFiles/cmTC_31908.dir/build.make CMakeFiles/cmTC_31908.dir/build
gmake[2]: Entering directory `/home/hpc/unrz/unrz002h/yask/yaskSite/build/CMakeFiles/CMakeTmp'
Building C object CMakeFiles/cmTC_31908.dir/src.c.o
/apps/intel/ComposerXE2016/compilers_and_libraries_2016.3.210/linux/bin/intel64/icc    -DOpenMP_FLAG_DETECTED -qopenmp   -o CMakeFiles/cmTC_31908.dir/src.c.o   -c /home/hpc/unrz/unrz002h/yask/yaskSite/build/CMakeFiles/CMakeTmp/src.c
Linking C executable cmTC_31908
/apps/cmake/3.6.0/bin/cmake -E cmake_link_script CMakeFiles/cmTC_31908.dir/link.txt --verbose=1
/apps/intel/ComposerXE2016/compilers_and_libraries_2016.3.210/linux/bin/intel64/icc   -DOpenMP_FLAG_DETECTED -qopenmp    CMakeFiles/cmTC_31908.dir/src.c.o  -o cmTC_31908 -rdynamic 
gmake[2]: Leaving directory `/home/hpc/unrz/unrz002h/yask/yaskSite/build/CMakeFiles/CMakeTmp'
gmake[1]: Leaving directory `/home/hpc/unrz/unrz002h/yask/yaskSite/build/CMakeFiles/CMakeTmp'

Source file was:

#include <omp.h>
int main() {
#ifdef _OPENMP
  return 0;
#else
  breaks_on_purpose
#endif
}

Performing C++ SOURCE FILE Test OpenMP_FLAG_DETECTED succeeded with the following output:
Change Dir: /home/hpc/unrz/unrz002h/yask/yaskSite/build/CMakeFiles/CMakeTmp

Run Build Command:"/usr/bin/gmake" "cmTC_a1db1/fast"
gmake[1]: Entering directory `/home/hpc/unrz/unrz002h/yask/yaskSite/build/CMakeFiles/CMakeTmp'
/usr/bin/gmake -f CMakeFiles/cmTC_a1db1.dir/build.make CMakeFiles/cmTC_a1db1.dir/build
gmake[2]: Entering directory `/home/hpc/unrz/unrz002h/yask/yaskSite/build/CMakeFiles/CMakeTmp'
Building CXX object CMakeFiles/cmTC_a1db1.dir/src.cxx.o
/apps/intel/ComposerXE2016/compilers_and_libraries_2016.3.210/linux/bin/intel64/icpc     -DOpenMP_FLAG_DETECTED -qopenmp   -o CMakeFiles/cmTC_a1db1.dir/src.cxx.o -c /home/hpc/unrz/unrz002h/yask/yaskSite/build/CMakeFiles/CMakeTmp/src.cxx
Linking CXX executable cmTC_a1db1
/apps/cmake/3.6.0/bin/cmake -E cmake_link_script CMakeFiles/cmTC_a1db1.dir/link.txt --verbose=1
/apps/intel/ComposerXE2016/compilers_and_libraries_2016.3.210/linux/bin/intel64/icpc    -DOpenMP_FLAG_DETECTED -qopenmp    CMakeFiles/cmTC_a1db1.dir/src.cxx.o  -o cmTC_a1db1 -rdynamic 
gmake[2]: Leaving directory `/home/hpc/unrz/unrz002h/yask/yaskSite/build/CMakeFiles/CMakeTmp'
gmake[1]: Leaving directory `/home/hpc/unrz/unrz002h/yask/yaskSite/build/CMakeFiles/CMakeTmp'

Source file was:

#include <omp.h>
int main() {
#ifdef _OPENMP
  return 0;
#else
  breaks_on_purpose
#endif
}

Performing C SOURCE FILE Test OpenMP_FLAG_DETECTED succeeded with the following output:
Change Dir: /home/hpc/unrz/unrz002h/yask/yaskSite/build/CMakeFiles/CMakeTmp

Run Build Command:"/usr/bin/gmake" "cmTC_4d8ee/fast"
gmake[1]: Entering directory `/home/hpc/unrz/unrz002h/yask/yaskSite/build/CMakeFiles/CMakeTmp'
/usr/bin/gmake -f CMakeFiles/cmTC_4d8ee.dir/build.make CMakeFiles/cmTC_4d8ee.dir/build
gmake[2]: Entering directory `/home/hpc/unrz/unrz002h/yask/yaskSite/build/CMakeFiles/CMakeTmp'
Building C object CMakeFiles/cmTC_4d8ee.dir/src.c.o
/apps/intel/ComposerXE2016/compilers_and_libraries_2016.3.210/linux/bin/intel64/icc    -DOpenMP_FLAG_DETECTED -qopenmp   -o CMakeFiles/cmTC_4d8ee.dir/src.c.o   -c /home/hpc/unrz/unrz002h/yask/yaskSite/build/CMakeFiles/CMakeTmp/src.c
Linking C executable cmTC_4d8ee
/apps/cmake/3.6.0/bin/cmake -E cmake_link_script CMakeFiles/cmTC_4d8ee.dir/link.txt --verbose=1
/apps/intel/ComposerXE2016/compilers_and_libraries_2016.3.210/linux/bin/intel64/icc   -DOpenMP_FLAG_DETECTED -qopenmp    CMakeFiles/cmTC_4d8ee.dir/src.c.o  -o cmTC_4d8ee -rdynamic 
gmake[2]: Leaving directory `/home/hpc/unrz/unrz002h/yask/yaskSite/build/CMakeFiles/CMakeTmp'
gmake[1]: Leaving directory `/home/hpc/unrz/unrz002h/yask/yaskSite/build/CMakeFiles/CMakeTmp'

Source file was:

#include <omp.h>
int main() {
#ifdef _OPENMP
  return 0;
#else
  breaks_on_purpose
#endif
}

Performing C++ SOURCE FILE Test OpenMP_FLAG_DETECTED succeeded with the following output:
Change Dir: /home/hpc/unrz/unrz002h/yask/yaskSite/build/CMakeFiles/CMakeTmp

Run Build Command:"/usr/bin/gmake" "cmTC_b0309/fast"
gmake[1]: Entering directory `/home/hpc/unrz/unrz002h/yask/yaskSite/build/CMakeFiles/CMakeTmp'
/usr/bin/gmake -f CMakeFiles/cmTC_b0309.dir/build.make CMakeFiles/cmTC_b0309.dir/build
gmake[2]: Entering directory `/home/hpc/unrz/unrz002h/yask/yaskSite/build/CMakeFiles/CMakeTmp'
Building CXX object CMakeFiles/cmTC_b0309.dir/src.cxx.o
/apps/intel/ComposerXE2016/compilers_and_libraries_2016.3.210/linux/bin/intel64/icpc     -DOpenMP_FLAG_DETECTED -qopenmp   -o CMakeFiles/cmTC_b0309.dir/src.cxx.o -c /home/hpc/unrz/unrz002h/yask/yaskSite/build/CMakeFiles/CMakeTmp/src.cxx
Linking CXX executable cmTC_b0309
/apps/cmake/3.6.0/bin/cmake -E cmake_link_script CMakeFiles/cmTC_b0309.dir/link.txt --verbose=1
/apps/intel/ComposerXE2016/compilers_and_libraries_2016.3.210/linux/bin/intel64/icpc    -DOpenMP_FLAG_DETECTED -qopenmp    CMakeFiles/cmTC_b0309.dir/src.cxx.o  -o cmTC_b0309 -rdynamic 
gmake[2]: Leaving directory `/home/hpc/unrz/unrz002h/yask/yaskSite/build/CMakeFiles/CMakeTmp'
gmake[1]: Leaving directory `/home/hpc/unrz/unrz002h/yask/yaskSite/build/CMakeFiles/CMakeTmp'

Source file was:

#include <omp.h>
int main() {
#ifdef _OPENMP
  return 0;
#else
  breaks_on_purpose
#endif
}

Performing C SOURCE FILE Test OpenMP_FLAG_DETECTED succeeded with the following output:
Change Dir: /home/hpc/unrz/unrz002h/yask/yaskSite/build/CMakeFiles/CMakeTmp

Run Build Command:"/usr/bin/gmake" "cmTC_b6838/fast"
gmake[1]: Entering directory `/home/hpc/unrz/unrz002h/yask/yaskSite/build/CMakeFiles/CMakeTmp'
/usr/bin/gmake -f CMakeFiles/cmTC_b6838.dir/build.make CMakeFiles/cmTC_b6838.dir/build
gmake[2]: Entering directory `/home/hpc/unrz/unrz002h/yask/yaskSite/build/CMakeFiles/CMakeTmp'
Building C object CMakeFiles/cmTC_b6838.dir/src.c.o
/apps/intel/ComposerXE2016/compilers_and_libraries_2016.3.210/linux/bin/intel64/icc    -DOpenMP_FLAG_DETECTED -qopenmp   -o CMakeFiles/cmTC_b6838.dir/src.c.o   -c /home/hpc/unrz/unrz002h/yask/yaskSite/build/CMakeFiles/CMakeTmp/src.c
Linking C executable cmTC_b6838
/apps/cmake/3.6.0/bin/cmake -E cmake_link_script CMakeFiles/cmTC_b6838.dir/link.txt --verbose=1
/apps/intel/ComposerXE2016/compilers_and_libraries_2016.3.210/linux/bin/intel64/icc   -DOpenMP_FLAG_DETECTED -qopenmp    CMakeFiles/cmTC_b6838.dir/src.c.o  -o cmTC_b6838 -rdynamic 
gmake[2]: Leaving directory `/home/hpc/unrz/unrz002h/yask/yaskSite/build/CMakeFiles/CMakeTmp'
gmake[1]: Leaving directory `/home/hpc/unrz/unrz002h/yask/yaskSite/build/CMakeFiles/CMakeTmp'

Source file was:

#include <omp.h>
int main() {
#ifdef _OPENMP
  return 0;
#else
  breaks_on_purpose
#endif
}

Performing C++ SOURCE FILE Test OpenMP_FLAG_DETECTED succeeded with the following output:
Change Dir: /home/hpc/unrz/unrz002h/yask/yaskSite/build/CMakeFiles/CMakeTmp

Run Build Command:"/usr/bin/gmake" "cmTC_24655/fast"
gmake[1]: Entering directory `/home/hpc/unrz/unrz002h/yask/yaskSite/build/CMakeFiles/CMakeTmp'
/usr/bin/gmake -f CMakeFiles/cmTC_24655.dir/build.make CMakeFiles/cmTC_24655.dir/build
gmake[2]: Entering directory `/home/hpc/unrz/unrz002h/yask/yaskSite/build/CMakeFiles/CMakeTmp'
Building CXX object CMakeFiles/cmTC_24655.dir/src.cxx.o
/apps/intel/ComposerXE2016/compilers_and_libraries_2016.3.210/linux/bin/intel64/icpc     -DOpenMP_FLAG_DETECTED -qopenmp   -o CMakeFiles/cmTC_24655.dir/src.cxx.o -c /home/hpc/unrz/unrz002h/yask/yaskSite/build/CMakeFiles/CMakeTmp/src.cxx
Linking CXX executable cmTC_24655
/apps/cmake/3.6.0/bin/cmake -E cmake_link_script CMakeFiles/cmTC_24655.dir/link.txt --verbose=1
/apps/intel/ComposerXE2016/compilers_and_libraries_2016.3.210/linux/bin/intel64/icpc    -DOpenMP_FLAG_DETECTED -qopenmp    CMakeFiles/cmTC_24655.dir/src.cxx.o  -o cmTC_24655 -rdynamic 
gmake[2]: Leaving directory `/home/hpc/unrz/unrz002h/yask/yaskSite/build/CMakeFiles/CMakeTmp'
gmake[1]: Leaving directory `/home/hpc/unrz/unrz002h/yask/yaskSite/build/CMakeFiles/CMakeTmp'

Source file was:

#include <omp.h>
int main() {
#ifdef _OPENMP
  return 0;
#else
  breaks_on_purpose
#endif
}

